TpTrace Verbose: 0 : 16820, 1, 2025/08/31, 14:53:06.580, 11264248820139, vstest.console.dll, Version: 17.9.0-release-23627-01 Current process architecture: X64
TpTrace Verbose: 0 : 16820, 1, 2025/08/31, 14:53:06.583, 11264248847355, vstest.console.dll, Runtime location: C:\Program Files\dotnet\shared\Microsoft.NETCore.App\8.0.2
TpTrace Verbose: 0 : 16820, 1, 2025/08/31, 14:53:06.584, 11264248865214, vstest.console.dll, ArtifactProcessingPostProcessModeProcessorExecutor.Initialize: ArtifactProcessingMode.Collect
TpTrace Verbose: 0 : 16820, 1, 2025/08/31, 14:53:06.585, 11264248866836, vstest.console.dll, TestSessionCorrelationIdProcessorModeProcessorExecutor.Initialize: TestSessionCorrelationId '28472_daa4ad4b-dbf1-43b9-962d-c83d2aeafa9c'
TpTrace Information: 0 : 16820, 1, 2025/08/31, 14:53:06.590, 11264248921643, vstest.console.dll, FilePatternParser: The given file Z:\Endava\CarInsurance.Api 1\CarsInsuranceApiTests\bin\Debug\net8.0\fine-code-coverage\build-output\CarsInsuranceApiTests.dll is a full path.
TpTrace Verbose: 0 : 16820, 1, 2025/08/31, 14:53:06.595, 11264248971723, vstest.console.dll, TestPluginCache.DiscoverTestExtensions: finding test extensions in assemblies ends with: RuntimeProvider.dll TPluginInfo: Microsoft.VisualStudio.TestPlatform.Common.ExtensionFramework.Utilities.TestRuntimePluginInformation TExtension: Microsoft.VisualStudio.TestPlatform.ObjectModel.Host.ITestRuntimeProvider
TpTrace Verbose: 0 : 16820, 1, 2025/08/31, 14:53:06.596, 11264248976652, vstest.console.dll, TestPluginCache.GetExtensionPaths: Filtered extension paths: 
TpTrace Verbose: 0 : 16820, 1, 2025/08/31, 14:53:06.596, 11264248977437, vstest.console.dll, TestPluginCache.GetExtensionPaths: Added default extension paths: C:\Program Files\dotnet\sdk\8.0.200\Extensions\Microsoft.Diagnostics.NETCore.Client.dll
C:\Program Files\dotnet\sdk\8.0.200\Extensions\Microsoft.TestPlatform.Extensions.BlameDataCollector.dll
C:\Program Files\dotnet\sdk\8.0.200\Extensions\Microsoft.TestPlatform.Extensions.EventLogCollector.dll
C:\Program Files\dotnet\sdk\8.0.200\Extensions\Microsoft.TestPlatform.TestHostRuntimeProvider.dll
C:\Program Files\dotnet\sdk\8.0.200\Extensions\Microsoft.VisualStudio.TestPlatform.Extensions.Html.TestLogger.dll
C:\Program Files\dotnet\sdk\8.0.200\Extensions\Microsoft.VisualStudio.TestPlatform.Extensions.Trx.TestLogger.dll
TpTrace Verbose: 0 : 16820, 1, 2025/08/31, 14:53:06.596, 11264248977613, vstest.console.dll, TestPluginCache.GetExtensionPaths: Added unfilterableExtensionPaths: 
TpTrace Information: 0 : 16820, 1, 2025/08/31, 14:53:06.596, 11264248984562, vstest.console.dll, AssemblyResolver.ctor: Creating AssemblyResolver with searchDirectories C:\Program Files\dotnet\sdk\8.0.200\Extensions,C:\Program Files\dotnet\sdk\8.0.200
TpTrace Verbose: 0 : 16820, 1, 2025/08/31, 14:53:06.598, 11264248996367, vstest.console.dll, TestPluginCache.DiscoverTestExtensions: Discovering the extensions using extension path.
TpTrace Verbose: 0 : 16820, 1, 2025/08/31, 14:53:06.598, 11264248997957, vstest.console.dll, TestPluginCache.GetExtensionPaths: Filtered extension paths: 
TpTrace Verbose: 0 : 16820, 1, 2025/08/31, 14:53:06.598, 11264248998214, vstest.console.dll, TestPluginCache.GetExtensionPaths: Added default extension paths: C:\Program Files\dotnet\sdk\8.0.200\Extensions\Microsoft.Diagnostics.NETCore.Client.dll
C:\Program Files\dotnet\sdk\8.0.200\Extensions\Microsoft.TestPlatform.Extensions.BlameDataCollector.dll
C:\Program Files\dotnet\sdk\8.0.200\Extensions\Microsoft.TestPlatform.Extensions.EventLogCollector.dll
C:\Program Files\dotnet\sdk\8.0.200\Extensions\Microsoft.TestPlatform.TestHostRuntimeProvider.dll
C:\Program Files\dotnet\sdk\8.0.200\Extensions\Microsoft.VisualStudio.TestPlatform.Extensions.Html.TestLogger.dll
C:\Program Files\dotnet\sdk\8.0.200\Extensions\Microsoft.VisualStudio.TestPlatform.Extensions.Trx.TestLogger.dll
TpTrace Verbose: 0 : 16820, 1, 2025/08/31, 14:53:06.598, 11264248998437, vstest.console.dll, TestPluginCache.GetExtensionPaths: Added unfilterableExtensionPaths: 
TpTrace Verbose: 0 : 16820, 1, 2025/08/31, 14:53:06.598, 11264248998841, vstest.console.dll, TestPluginCache.DiscoverTestExtensions: Discovering the extensions using allExtensionPaths: C:\Program Files\dotnet\sdk\8.0.200\Extensions\Microsoft.Diagnostics.NETCore.Client.dll
C:\Program Files\dotnet\sdk\8.0.200\Extensions\Microsoft.TestPlatform.Extensions.BlameDataCollector.dll
C:\Program Files\dotnet\sdk\8.0.200\Extensions\Microsoft.TestPlatform.Extensions.EventLogCollector.dll
C:\Program Files\dotnet\sdk\8.0.200\Extensions\Microsoft.TestPlatform.TestHostRuntimeProvider.dll
C:\Program Files\dotnet\sdk\8.0.200\Extensions\Microsoft.VisualStudio.TestPlatform.Extensions.Html.TestLogger.dll
C:\Program Files\dotnet\sdk\8.0.200\Extensions\Microsoft.VisualStudio.TestPlatform.Extensions.Trx.TestLogger.dll
TpTrace Information: 0 : 16820, 1, 2025/08/31, 14:53:06.598, 11264249000285, vstest.console.dll, AssemblyResolver.AddSearchDirectories: Adding more searchDirectories C:\Program Files\dotnet\sdk\8.0.200\Extensions,C:\Program Files\dotnet\sdk\8.0.200
TpTrace Information: 0 : 16820, 1, 2025/08/31, 14:53:06.598, 11264249000689, vstest.console.dll, AssemblyResolver.AddSearchDirectories: Adding more searchDirectories C:\Program Files\dotnet\sdk\8.0.200\Extensions,C:\Program Files\dotnet\sdk\8.0.200
TpTrace Information: 0 : 16820, 1, 2025/08/31, 14:53:06.598, 11264249000883, vstest.console.dll, AssemblyResolver.AddSearchDirectories: Adding more searchDirectories C:\Program Files\dotnet\sdk\8.0.200\Extensions,C:\Program Files\dotnet\sdk\8.0.200
TpTrace Information: 0 : 16820, 1, 2025/08/31, 14:53:06.598, 11264249001015, vstest.console.dll, AssemblyResolver.AddSearchDirectories: Adding more searchDirectories C:\Program Files\dotnet\sdk\8.0.200\Extensions,C:\Program Files\dotnet\sdk\8.0.200
TpTrace Information: 0 : 16820, 1, 2025/08/31, 14:53:06.598, 11264249001145, vstest.console.dll, AssemblyResolver.AddSearchDirectories: Adding more searchDirectories C:\Program Files\dotnet\sdk\8.0.200\Extensions,C:\Program Files\dotnet\sdk\8.0.200
TpTrace Information: 0 : 16820, 1, 2025/08/31, 14:53:06.598, 11264249001283, vstest.console.dll, AssemblyResolver.AddSearchDirectories: Adding more searchDirectories C:\Program Files\dotnet\sdk\8.0.200\Extensions,C:\Program Files\dotnet\sdk\8.0.200
TpTrace Information: 0 : 16820, 1, 2025/08/31, 14:53:06.598, 11264249005390, vstest.console.dll, AssemblyResolver.OnResolve: Microsoft.Diagnostics.NETCore.Client: Resolving assembly.
TpTrace Information: 0 : 16820, 1, 2025/08/31, 14:53:06.599, 11264249006095, vstest.console.dll, AssemblyResolver.OnResolve: Microsoft.Diagnostics.NETCore.Client: Searching in: 'C:\Program Files\dotnet\sdk\8.0.200\Extensions'.
TpTrace Information: 0 : 16820, 1, 2025/08/31, 14:53:06.603, 11264249053769, vstest.console.dll, AssemblyResolver.OnResolve: Microsoft.Diagnostics.NETCore.Client: Loading assembly 'C:\Program Files\dotnet\sdk\8.0.200\Extensions\Microsoft.Diagnostics.NETCore.Client.dll'.
TpTrace Information: 0 : 16820, 1, 2025/08/31, 14:53:06.604, 11264249057955, vstest.console.dll, AssemblyResolver.OnResolve: Resolved assembly: Microsoft.Diagnostics.NETCore.Client, from path: C:\Program Files\dotnet\sdk\8.0.200\Extensions\Microsoft.Diagnostics.NETCore.Client.dll
TpTrace Verbose: 0 : 16820, 1, 2025/08/31, 14:53:06.607, 11264249090092, vstest.console.dll, MetadataReaderExtensionsHelper: Discovering extensions inside assembly 'Microsoft.Diagnostics.NETCore.Client, Version=0.2.9.2401, Culture=neutral, PublicKeyToken=31bf3856ad364e35' file path 'C:\Program Files\dotnet\sdk\8.0.200\Extensions\Microsoft.Diagnostics.NETCore.Client.dll'
TpTrace Information: 0 : 16820, 1, 2025/08/31, 14:53:06.610, 11264249116650, vstest.console.dll, AssemblyResolver.OnResolve: Microsoft.Bcl.AsyncInterfaces: Resolving assembly.
TpTrace Information: 0 : 16820, 1, 2025/08/31, 14:53:06.610, 11264249117548, vstest.console.dll, AssemblyResolver.OnResolve: Microsoft.Bcl.AsyncInterfaces: Searching in: 'C:\Program Files\dotnet\sdk\8.0.200\Extensions'.
TpTrace Information: 0 : 16820, 1, 2025/08/31, 14:53:06.610, 11264249118114, vstest.console.dll, AssemblyResolver.OnResolve: Microsoft.Bcl.AsyncInterfaces: Assembly path does not exist: 'C:\Program Files\dotnet\sdk\8.0.200\Extensions\Microsoft.Bcl.AsyncInterfaces.dll', returning.
TpTrace Information: 0 : 16820, 1, 2025/08/31, 14:53:06.610, 11264249118849, vstest.console.dll, AssemblyResolver.OnResolve: Microsoft.Bcl.AsyncInterfaces: Assembly path does not exist: 'C:\Program Files\dotnet\sdk\8.0.200\Extensions\Microsoft.Bcl.AsyncInterfaces.exe', returning.
TpTrace Information: 0 : 16820, 1, 2025/08/31, 14:53:06.610, 11264249119083, vstest.console.dll, AssemblyResolver.OnResolve: Microsoft.Bcl.AsyncInterfaces: Searching in: 'C:\Program Files\dotnet\sdk\8.0.200'.
TpTrace Information: 0 : 16820, 1, 2025/08/31, 14:53:06.610, 11264249119379, vstest.console.dll, AssemblyResolver.OnResolve: Microsoft.Bcl.AsyncInterfaces: Assembly path does not exist: 'C:\Program Files\dotnet\sdk\8.0.200\Microsoft.Bcl.AsyncInterfaces.dll', returning.
TpTrace Information: 0 : 16820, 1, 2025/08/31, 14:53:06.610, 11264249119601, vstest.console.dll, AssemblyResolver.OnResolve: Microsoft.Bcl.AsyncInterfaces: Assembly path does not exist: 'C:\Program Files\dotnet\sdk\8.0.200\Microsoft.Bcl.AsyncInterfaces.exe', returning.
TpTrace Information: 0 : 16820, 1, 2025/08/31, 14:53:06.610, 11264249119723, vstest.console.dll, AssemblyResolver.OnResolve: Microsoft.Bcl.AsyncInterfaces: Failed to load assembly.
TpTrace Verbose: 0 : 16820, 1, 2025/08/31, 14:53:06.610, 11264249119928, vstest.console.dll, CurrentDomainAssemblyResolve: Resolving assembly 'Microsoft.Bcl.AsyncInterfaces'.
TpTrace Information: 0 : 16820, 1, 2025/08/31, 14:53:06.610, 11264249120285, vstest.console.dll, AssemblyResolver.OnResolve: Microsoft.Bcl.AsyncInterfaces: Resolving assembly.
TpTrace Information: 0 : 16820, 1, 2025/08/31, 14:53:06.610, 11264249120529, vstest.console.dll, AssemblyResolver.OnResolve: Microsoft.Bcl.AsyncInterfaces: Resolved from cache.
TpTrace Verbose: 0 : 16820, 1, 2025/08/31, 14:53:06.610, 11264249120652, vstest.console.dll, CurrentDomainAssemblyResolve: Resolving assembly 'Microsoft.Bcl.AsyncInterfaces'.
TpTrace Verbose: 0 : 16820, 1, 2025/08/31, 14:53:06.610, 11264249120821, vstest.console.dll, CurrentDomainAssemblyResolve: Failed to resolve assembly 'Microsoft.Bcl.AsyncInterfaces'.
TpTrace Verbose: 0 : 16820, 1, 2025/08/31, 14:53:06.610, 11264249125058, vstest.console.dll, CurrentDomainAssemblyResolve: Failed to resolve assembly 'Microsoft.Bcl.AsyncInterfaces'.
TpTrace Warning: 0 : 16820, 1, 2025/08/31, 14:53:06.617, 11264249191478, vstest.console.dll, TestPluginDiscoverer: Failed to get types from assembly 'Microsoft.Diagnostics.NETCore.Client, Version=0.2.9.2401, Culture=neutral, PublicKeyToken=31bf3856ad364e35'. Error: System.Reflection.ReflectionTypeLoadException: Unable to load one or more of the requested types.
Could not load file or assembly 'Microsoft.Bcl.AsyncInterfaces, Version=6.0.0.0, Culture=neutral, PublicKeyToken=cc7b13ffcd2ddd51'. The system cannot find the file specified.
   at System.Reflection.RuntimeModule.GetTypes(RuntimeModule module)
   at System.Reflection.RuntimeModule.GetTypes()
   at Microsoft.VisualStudio.TestPlatform.Common.ExtensionFramework.TestPluginDiscoverer.GetTestExtensionsFromAssembly[TPluginInfo,TExtension](Assembly assembly, Dictionary`2 pluginInfos, String filePath) in /_/src/Microsoft.TestPlatform.Common/ExtensionFramework/TestPluginDiscoverer.cs:line 158
System.IO.FileNotFoundException: Could not load file or assembly 'Microsoft.Bcl.AsyncInterfaces, Version=6.0.0.0, Culture=neutral, PublicKeyToken=cc7b13ffcd2ddd51'. The system cannot find the file specified.
File name: 'Microsoft.Bcl.AsyncInterfaces, Version=6.0.0.0, Culture=neutral, PublicKeyToken=cc7b13ffcd2ddd51'
 ---> System.IO.FileNotFoundException: Could not load file or assembly 'Microsoft.Bcl.AsyncInterfaces, Culture=neutral, PublicKeyToken=null'. The system cannot find the file specified.
File name: 'Microsoft.Bcl.AsyncInterfaces, Culture=neutral, PublicKeyToken=null'
   at System.Reflection.RuntimeAssembly.InternalLoad(AssemblyName assemblyName, StackCrawlMark& stackMark, AssemblyLoadContext assemblyLoadContext, RuntimeAssembly requestingAssembly, Boolean throwOnFileNotFound)
   at System.Reflection.Assembly.Load(AssemblyName assemblyRef)
   at Microsoft.VisualStudio.TestPlatform.Common.ExtensionFramework.TestPluginCache.CurrentDomainAssemblyResolve(Object sender, AssemblyResolveEventArgs args) in /_/src/Microsoft.TestPlatform.Common/ExtensionFramework/TestPluginCache.cs:line 513
   at System.Runtime.Loader.AssemblyLoadContext.GetFirstResolvedAssemblyFromResolvingEvent(AssemblyName assemblyName)
   at System.Runtime.Loader.AssemblyLoadContext.ResolveUsingEvent(AssemblyName assemblyName)
   at System.Runtime.Loader.AssemblyLoadContext.ResolveUsingResolvingEvent(IntPtr gchManagedAssemblyLoadContext, AssemblyName assemblyName)
TpTrace Warning: 0 : 16820, 1, 2025/08/31, 14:53:06.617, 11264249194093, vstest.console.dll, LoaderExceptions: System.IO.FileNotFoundException: Could not load file or assembly 'Microsoft.Bcl.AsyncInterfaces, Version=6.0.0.0, Culture=neutral, PublicKeyToken=cc7b13ffcd2ddd51'. The system cannot find the file specified.
File name: 'Microsoft.Bcl.AsyncInterfaces, Version=6.0.0.0, Culture=neutral, PublicKeyToken=cc7b13ffcd2ddd51'
 ---> System.IO.FileNotFoundException: Could not load file or assembly 'Microsoft.Bcl.AsyncInterfaces, Culture=neutral, PublicKeyToken=null'. The system cannot find the file specified.
File name: 'Microsoft.Bcl.AsyncInterfaces, Culture=neutral, PublicKeyToken=null'
   at System.Reflection.RuntimeAssembly.InternalLoad(AssemblyName assemblyName, StackCrawlMark& stackMark, AssemblyLoadContext assemblyLoadContext, RuntimeAssembly requestingAssembly, Boolean throwOnFileNotFound)
   at System.Reflection.Assembly.Load(AssemblyName assemblyRef)
   at Microsoft.VisualStudio.TestPlatform.Common.ExtensionFramework.TestPluginCache.CurrentDomainAssemblyResolve(Object sender, AssemblyResolveEventArgs args) in /_/src/Microsoft.TestPlatform.Common/ExtensionFramework/TestPluginCache.cs:line 513
   at System.Runtime.Loader.AssemblyLoadContext.GetFirstResolvedAssemblyFromResolvingEvent(AssemblyName assemblyName)
   at System.Runtime.Loader.AssemblyLoadContext.ResolveUsingEvent(AssemblyName assemblyName)
   at System.Runtime.Loader.AssemblyLoadContext.ResolveUsingResolvingEvent(IntPtr gchManagedAssemblyLoadContext, AssemblyName assemblyName)
TpTrace Information: 0 : 16820, 1, 2025/08/31, 14:53:06.617, 11264249195082, vstest.console.dll, AssemblyResolver.OnResolve: Microsoft.TestPlatform.Extensions.BlameDataCollector: Resolving assembly.
TpTrace Information: 0 : 16820, 1, 2025/08/31, 14:53:06.617, 11264249195298, vstest.console.dll, AssemblyResolver.OnResolve: Microsoft.TestPlatform.Extensions.BlameDataCollector: Searching in: 'C:\Program Files\dotnet\sdk\8.0.200\Extensions'.
TpTrace Information: 0 : 16820, 1, 2025/08/31, 14:53:06.618, 11264249197871, vstest.console.dll, AssemblyResolver.OnResolve: Microsoft.TestPlatform.Extensions.BlameDataCollector: Loading assembly 'C:\Program Files\dotnet\sdk\8.0.200\Extensions\Microsoft.TestPlatform.Extensions.BlameDataCollector.dll'.
TpTrace Information: 0 : 16820, 1, 2025/08/31, 14:53:06.618, 11264249200703, vstest.console.dll, AssemblyResolver.OnResolve: Resolved assembly: Microsoft.TestPlatform.Extensions.BlameDataCollector, from path: C:\Program Files\dotnet\sdk\8.0.200\Extensions\Microsoft.TestPlatform.Extensions.BlameDataCollector.dll
TpTrace Verbose: 0 : 16820, 1, 2025/08/31, 14:53:06.618, 11264249201335, vstest.console.dll, MetadataReaderExtensionsHelper: Discovering extensions inside assembly 'Microsoft.TestPlatform.Extensions.BlameDataCollector, Version=15.0.0.0, Culture=neutral, PublicKeyToken=b03f5f7f11d50a3a' file path 'C:\Program Files\dotnet\sdk\8.0.200\Extensions\Microsoft.TestPlatform.Extensions.BlameDataCollector.dll'
TpTrace Information: 0 : 16820, 1, 2025/08/31, 14:53:06.619, 11264249213648, vstest.console.dll, AssemblyResolver.OnResolve: Microsoft.TestPlatform.Extensions.EventLogCollector: Resolving assembly.
TpTrace Information: 0 : 16820, 1, 2025/08/31, 14:53:06.619, 11264249214648, vstest.console.dll, AssemblyResolver.OnResolve: Microsoft.TestPlatform.Extensions.EventLogCollector: Searching in: 'C:\Program Files\dotnet\sdk\8.0.200\Extensions'.
TpTrace Information: 0 : 16820, 1, 2025/08/31, 14:53:06.620, 11264249217888, vstest.console.dll, AssemblyResolver.OnResolve: Microsoft.TestPlatform.Extensions.EventLogCollector: Loading assembly 'C:\Program Files\dotnet\sdk\8.0.200\Extensions\Microsoft.TestPlatform.Extensions.EventLogCollector.dll'.
TpTrace Information: 0 : 16820, 1, 2025/08/31, 14:53:06.620, 11264249220458, vstest.console.dll, AssemblyResolver.OnResolve: Resolved assembly: Microsoft.TestPlatform.Extensions.EventLogCollector, from path: C:\Program Files\dotnet\sdk\8.0.200\Extensions\Microsoft.TestPlatform.Extensions.EventLogCollector.dll
TpTrace Verbose: 0 : 16820, 1, 2025/08/31, 14:53:06.620, 11264249220952, vstest.console.dll, MetadataReaderExtensionsHelper: Discovering extensions inside assembly 'Microsoft.TestPlatform.Extensions.EventLogCollector, Version=15.0.0.0, Culture=neutral, PublicKeyToken=b03f5f7f11d50a3a' file path 'C:\Program Files\dotnet\sdk\8.0.200\Extensions\Microsoft.TestPlatform.Extensions.EventLogCollector.dll'
TpTrace Information: 0 : 16820, 1, 2025/08/31, 14:53:06.621, 11264249233365, vstest.console.dll, AssemblyResolver.OnResolve: Microsoft.TestPlatform.TestHostRuntimeProvider: Resolving assembly.
TpTrace Information: 0 : 16820, 1, 2025/08/31, 14:53:06.621, 11264249234107, vstest.console.dll, AssemblyResolver.OnResolve: Microsoft.TestPlatform.TestHostRuntimeProvider: Searching in: 'C:\Program Files\dotnet\sdk\8.0.200\Extensions'.
TpTrace Information: 0 : 16820, 1, 2025/08/31, 14:53:06.622, 11264249236109, vstest.console.dll, AssemblyResolver.OnResolve: Microsoft.TestPlatform.TestHostRuntimeProvider: Loading assembly 'C:\Program Files\dotnet\sdk\8.0.200\Extensions\Microsoft.TestPlatform.TestHostRuntimeProvider.dll'.
TpTrace Information: 0 : 16820, 1, 2025/08/31, 14:53:06.622, 11264249238899, vstest.console.dll, AssemblyResolver.OnResolve: Resolved assembly: Microsoft.TestPlatform.TestHostRuntimeProvider, from path: C:\Program Files\dotnet\sdk\8.0.200\Extensions\Microsoft.TestPlatform.TestHostRuntimeProvider.dll
TpTrace Verbose: 0 : 16820, 1, 2025/08/31, 14:53:06.622, 11264249239407, vstest.console.dll, MetadataReaderExtensionsHelper: Discovering extensions inside assembly 'Microsoft.TestPlatform.TestHostRuntimeProvider, Version=15.0.0.0, Culture=neutral, PublicKeyToken=b03f5f7f11d50a3a' file path 'C:\Program Files\dotnet\sdk\8.0.200\Extensions\Microsoft.TestPlatform.TestHostRuntimeProvider.dll'
TpTrace Information: 0 : 16820, 1, 2025/08/31, 14:53:06.623, 11264249249645, vstest.console.dll, GetTestExtensionFromType: Register extension with identifier data 'HostProvider://DefaultTestHost' and type 'Microsoft.VisualStudio.TestPlatform.CrossPlatEngine.Hosting.DefaultTestHostManager, Microsoft.TestPlatform.TestHostRuntimeProvider, Version=15.0.0.0, Culture=neutral, PublicKeyToken=b03f5f7f11d50a3a' inside file 'C:\Program Files\dotnet\sdk\8.0.200\Extensions\Microsoft.TestPlatform.TestHostRuntimeProvider.dll'
TpTrace Information: 0 : 16820, 1, 2025/08/31, 14:53:06.623, 11264249252407, vstest.console.dll, GetTestExtensionFromType: Register extension with identifier data 'HostProvider://DotnetTestHost' and type 'Microsoft.VisualStudio.TestPlatform.CrossPlatEngine.Hosting.DotnetTestHostManager, Microsoft.TestPlatform.TestHostRuntimeProvider, Version=15.0.0.0, Culture=neutral, PublicKeyToken=b03f5f7f11d50a3a' inside file 'C:\Program Files\dotnet\sdk\8.0.200\Extensions\Microsoft.TestPlatform.TestHostRuntimeProvider.dll'
TpTrace Information: 0 : 16820, 1, 2025/08/31, 14:53:06.623, 11264249253124, vstest.console.dll, AssemblyResolver.OnResolve: Microsoft.VisualStudio.TestPlatform.Extensions.Html.TestLogger: Resolving assembly.
TpTrace Information: 0 : 16820, 1, 2025/08/31, 14:53:06.623, 11264249253355, vstest.console.dll, AssemblyResolver.OnResolve: Microsoft.VisualStudio.TestPlatform.Extensions.Html.TestLogger: Searching in: 'C:\Program Files\dotnet\sdk\8.0.200\Extensions'.
TpTrace Information: 0 : 16820, 1, 2025/08/31, 14:53:06.624, 11264249255840, vstest.console.dll, AssemblyResolver.OnResolve: Microsoft.VisualStudio.TestPlatform.Extensions.Html.TestLogger: Loading assembly 'C:\Program Files\dotnet\sdk\8.0.200\Extensions\Microsoft.VisualStudio.TestPlatform.Extensions.Html.TestLogger.dll'.
TpTrace Information: 0 : 16820, 1, 2025/08/31, 14:53:06.624, 11264249258893, vstest.console.dll, AssemblyResolver.OnResolve: Resolved assembly: Microsoft.VisualStudio.TestPlatform.Extensions.Html.TestLogger, from path: C:\Program Files\dotnet\sdk\8.0.200\Extensions\Microsoft.VisualStudio.TestPlatform.Extensions.Html.TestLogger.dll
TpTrace Verbose: 0 : 16820, 1, 2025/08/31, 14:53:06.624, 11264249259463, vstest.console.dll, MetadataReaderExtensionsHelper: Discovering extensions inside assembly 'Microsoft.VisualStudio.TestPlatform.Extensions.Html.TestLogger, Version=15.0.0.0, Culture=neutral, PublicKeyToken=b03f5f7f11d50a3a' file path 'C:\Program Files\dotnet\sdk\8.0.200\Extensions\Microsoft.VisualStudio.TestPlatform.Extensions.Html.TestLogger.dll'
TpTrace Information: 0 : 16820, 1, 2025/08/31, 14:53:06.625, 11264249266607, vstest.console.dll, AssemblyResolver.OnResolve: Microsoft.VisualStudio.TestPlatform.Extensions.Trx.TestLogger: Resolving assembly.
TpTrace Information: 0 : 16820, 1, 2025/08/31, 14:53:06.625, 11264249267325, vstest.console.dll, AssemblyResolver.OnResolve: Microsoft.VisualStudio.TestPlatform.Extensions.Trx.TestLogger: Searching in: 'C:\Program Files\dotnet\sdk\8.0.200\Extensions'.
TpTrace Information: 0 : 16820, 1, 2025/08/31, 14:53:06.625, 11264249269673, vstest.console.dll, AssemblyResolver.OnResolve: Microsoft.VisualStudio.TestPlatform.Extensions.Trx.TestLogger: Loading assembly 'C:\Program Files\dotnet\sdk\8.0.200\Extensions\Microsoft.VisualStudio.TestPlatform.Extensions.Trx.TestLogger.dll'.
TpTrace Information: 0 : 16820, 1, 2025/08/31, 14:53:06.625, 11264249272934, vstest.console.dll, AssemblyResolver.OnResolve: Resolved assembly: Microsoft.VisualStudio.TestPlatform.Extensions.Trx.TestLogger, from path: C:\Program Files\dotnet\sdk\8.0.200\Extensions\Microsoft.VisualStudio.TestPlatform.Extensions.Trx.TestLogger.dll
TpTrace Verbose: 0 : 16820, 1, 2025/08/31, 14:53:06.625, 11264249273489, vstest.console.dll, MetadataReaderExtensionsHelper: Discovering extensions inside assembly 'Microsoft.VisualStudio.TestPlatform.Extensions.Trx.TestLogger, Version=15.0.0.0, Culture=neutral, PublicKeyToken=b03f5f7f11d50a3a' file path 'C:\Program Files\dotnet\sdk\8.0.200\Extensions\Microsoft.VisualStudio.TestPlatform.Extensions.Trx.TestLogger.dll'
TpTrace Verbose: 0 : 16820, 1, 2025/08/31, 14:53:06.626, 11264249281955, vstest.console.dll, TestPluginCache: Discovered the extensions using extension path ''.
TpTrace Verbose: 0 : 16820, 1, 2025/08/31, 14:53:06.626, 11264249283122, vstest.console.dll, TestPluginCache: Discoverers are ''.
TpTrace Verbose: 0 : 16820, 1, 2025/08/31, 14:53:06.626, 11264249283262, vstest.console.dll, TestPluginCache: Executors are ''.
TpTrace Verbose: 0 : 16820, 1, 2025/08/31, 14:53:06.626, 11264249283399, vstest.console.dll, TestPluginCache: Executors2 are ''.
TpTrace Verbose: 0 : 16820, 1, 2025/08/31, 14:53:06.626, 11264249283510, vstest.console.dll, TestPluginCache: Setting providers are ''.
TpTrace Verbose: 0 : 16820, 1, 2025/08/31, 14:53:06.626, 11264249283622, vstest.console.dll, TestPluginCache: Loggers are ''.
TpTrace Verbose: 0 : 16820, 1, 2025/08/31, 14:53:06.626, 11264249284929, vstest.console.dll, TestPluginCache: TestHosts are 'HostProvider://DefaultTestHost,HostProvider://DotnetTestHost'.
TpTrace Verbose: 0 : 16820, 1, 2025/08/31, 14:53:06.626, 11264249285103, vstest.console.dll, TestPluginCache: DataCollectors are ''.
TpTrace Information: 0 : 16820, 1, 2025/08/31, 14:53:06.636, 11264249382339, vstest.console.dll, RunTestsArgumentProcessor:Execute: Test run is starting.
TpTrace Verbose: 0 : 16820, 1, 2025/08/31, 14:53:06.636, 11264249383432, vstest.console.dll, RunTestsArgumentProcessor:Execute: Queuing Test run.
TpTrace Information: 0 : 16820, 1, 2025/08/31, 14:53:06.636, 11264249385194, vstest.console.dll, TestRequestManager.RunTests: run tests started.
TpTrace Information: 0 : 16820, 1, 2025/08/31, 14:53:06.637, 11264249394459, vstest.console.dll, AssemblyMetadataProvider.GetFrameworkName: Determined framework:'.NETCoreApp,Version=v8.0' for source: 'Z:\Endava\CarInsurance.Api 1\CarsInsuranceApiTests\bin\Debug\net8.0\fine-code-coverage\build-output\CarsInsuranceApiTests.dll'
TpTrace Information: 0 : 16820, 1, 2025/08/31, 14:53:06.637, 11264249395694, vstest.console.dll, Determined framework for all sources: .NETCoreApp,Version=v8.0
TpTrace Verbose: 0 : 16820, 1, 2025/08/31, 14:53:06.638, 11264249398129, vstest.console.dll, TestRequestManager.UpdateRunSettingsIfRequired: Default architecture: X64 IsDefaultTargetArchitecture: True, Current process architecture: X64 OperatingSystem: Windows.
TpTrace Information: 0 : 16820, 1, 2025/08/31, 14:53:06.639, 11264249411816, vstest.console.dll, AssemblyMetadataProvider.GetArchitecture: Determined architecture:AnyCPU info for assembly: Z:\Endava\CarInsurance.Api 1\CarsInsuranceApiTests\bin\Debug\net8.0\fine-code-coverage\build-output\CarsInsuranceApiTests.dll
TpTrace Information: 0 : 16820, 1, 2025/08/31, 14:53:06.639, 11264249412532, vstest.console.dll, Determined platform for source 'Z:\Endava\CarInsurance.Api 1\CarsInsuranceApiTests\bin\Debug\net8.0\fine-code-coverage\build-output\CarsInsuranceApiTests.dll' was AnyCPU and it will use the default plaform X64.
TpTrace Information: 0 : 16820, 1, 2025/08/31, 14:53:06.639, 11264249412671, vstest.console.dll, None of the sources provided any runnable platform, using the default platform: X64
TpTrace Information: 0 : 16820, 1, 2025/08/31, 14:53:06.639, 11264249413444, vstest.console.dll, Platform was updated to 'X64'.
TpTrace Information: 0 : 16820, 1, 2025/08/31, 14:53:06.642, 11264249436701, vstest.console.dll, InferRunSettingsHelper.IsTestSettingsEnabled: Unable to navigate to RunSettings/MSTest. Current node: RunSettings
TpTrace Information: 0 : 16820, 1, 2025/08/31, 14:53:06.642, 11264249443484, vstest.console.dll, AssemblyResolver.OnResolve: Microsoft.VisualStudio.TestPlatform.Fakes: Resolving assembly.
TpTrace Information: 0 : 16820, 1, 2025/08/31, 14:53:06.642, 11264249445045, vstest.console.dll, AssemblyResolver.OnResolve: Microsoft.VisualStudio.TestPlatform.Fakes: Searching in: 'C:\Program Files\dotnet\sdk\8.0.200\Extensions'.
TpTrace Information: 0 : 16820, 1, 2025/08/31, 14:53:06.643, 11264249447433, vstest.console.dll, AssemblyResolver.OnResolve: Microsoft.VisualStudio.TestPlatform.Fakes: Assembly path does not exist: 'C:\Program Files\dotnet\sdk\8.0.200\Extensions\Microsoft.VisualStudio.TestPlatform.Fakes.dll', returning.
TpTrace Information: 0 : 16820, 1, 2025/08/31, 14:53:06.643, 11264249447907, vstest.console.dll, AssemblyResolver.OnResolve: Microsoft.VisualStudio.TestPlatform.Fakes: Assembly path does not exist: 'C:\Program Files\dotnet\sdk\8.0.200\Extensions\Microsoft.VisualStudio.TestPlatform.Fakes.exe', returning.
TpTrace Information: 0 : 16820, 1, 2025/08/31, 14:53:06.643, 11264249448041, vstest.console.dll, AssemblyResolver.OnResolve: Microsoft.VisualStudio.TestPlatform.Fakes: Searching in: 'C:\Program Files\dotnet\sdk\8.0.200'.
TpTrace Information: 0 : 16820, 1, 2025/08/31, 14:53:06.643, 11264249448543, vstest.console.dll, AssemblyResolver.OnResolve: Microsoft.VisualStudio.TestPlatform.Fakes: Assembly path does not exist: 'C:\Program Files\dotnet\sdk\8.0.200\Microsoft.VisualStudio.TestPlatform.Fakes.dll', returning.
TpTrace Information: 0 : 16820, 1, 2025/08/31, 14:53:06.643, 11264249448846, vstest.console.dll, AssemblyResolver.OnResolve: Microsoft.VisualStudio.TestPlatform.Fakes: Assembly path does not exist: 'C:\Program Files\dotnet\sdk\8.0.200\Microsoft.VisualStudio.TestPlatform.Fakes.exe', returning.
TpTrace Information: 0 : 16820, 1, 2025/08/31, 14:53:06.643, 11264249448988, vstest.console.dll, AssemblyResolver.OnResolve: Microsoft.VisualStudio.TestPlatform.Fakes: Failed to load assembly.
TpTrace Information: 0 : 16820, 1, 2025/08/31, 14:53:06.643, 11264249451634, vstest.console.dll, Failed to load assembly Microsoft.VisualStudio.TestPlatform.Fakes, Version=17.0.0.0, Culture=neutral. Reason:System.IO.FileNotFoundException: Could not load file or assembly 'Microsoft.VisualStudio.TestPlatform.Fakes, Version=17.0.0.0, Culture=neutral, PublicKeyToken=null'. The system cannot find the file specified.
File name: 'Microsoft.VisualStudio.TestPlatform.Fakes, Version=17.0.0.0, Culture=neutral, PublicKeyToken=null'
   at System.Reflection.RuntimeAssembly.InternalLoad(AssemblyName assemblyName, StackCrawlMark& stackMark, AssemblyLoadContext assemblyLoadContext, RuntimeAssembly requestingAssembly, Boolean throwOnFileNotFound)
   at System.Reflection.Assembly.Load(AssemblyName assemblyRef)
   at Microsoft.VisualStudio.TestPlatform.Common.Utilities.FakesUtilities.LoadTestPlatformAssembly() in /_/src/Microsoft.TestPlatform.Common/Utilities/FakesUtilities.cs:line 272
TpTrace Verbose: 0 : 16820, 1, 2025/08/31, 14:53:06.646, 11264249479560, vstest.console.dll, TestPluginCache.DiscoverTestExtensions: finding test extensions in assemblies ends with: TestLogger.dll TPluginInfo: Microsoft.VisualStudio.TestPlatform.Common.ExtensionFramework.Utilities.TestLoggerPluginInformation TExtension: Microsoft.VisualStudio.TestPlatform.ObjectModel.Client.ITestLogger
TpTrace Verbose: 0 : 16820, 1, 2025/08/31, 14:53:06.646, 11264249480580, vstest.console.dll, TestPluginCache.GetExtensionPaths: Filtered extension paths: 
TpTrace Verbose: 0 : 16820, 1, 2025/08/31, 14:53:06.646, 11264249480759, vstest.console.dll, TestPluginCache.GetExtensionPaths: Added default extension paths: C:\Program Files\dotnet\sdk\8.0.200\Extensions\Microsoft.Diagnostics.NETCore.Client.dll
C:\Program Files\dotnet\sdk\8.0.200\Extensions\Microsoft.TestPlatform.Extensions.BlameDataCollector.dll
C:\Program Files\dotnet\sdk\8.0.200\Extensions\Microsoft.TestPlatform.Extensions.EventLogCollector.dll
C:\Program Files\dotnet\sdk\8.0.200\Extensions\Microsoft.TestPlatform.TestHostRuntimeProvider.dll
C:\Program Files\dotnet\sdk\8.0.200\Extensions\Microsoft.VisualStudio.TestPlatform.Extensions.Html.TestLogger.dll
C:\Program Files\dotnet\sdk\8.0.200\Extensions\Microsoft.VisualStudio.TestPlatform.Extensions.Trx.TestLogger.dll
TpTrace Verbose: 0 : 16820, 1, 2025/08/31, 14:53:06.646, 11264249480895, vstest.console.dll, TestPluginCache.GetExtensionPaths: Added unfilterableExtensionPaths: 
TpTrace Information: 0 : 16820, 1, 2025/08/31, 14:53:06.646, 11264249481903, vstest.console.dll, AssemblyResolver.AddSearchDirectories: Adding more searchDirectories C:\Program Files\dotnet\sdk\8.0.200\Extensions,C:\Program Files\dotnet\sdk\8.0.200
TpTrace Verbose: 0 : 16820, 1, 2025/08/31, 14:53:06.646, 11264249482135, vstest.console.dll, TestPluginCache.DiscoverTestExtensions: Discovering the extensions using extension path.
TpTrace Verbose: 0 : 16820, 1, 2025/08/31, 14:53:06.646, 11264249482299, vstest.console.dll, TestPluginCache.GetExtensionPaths: Filtered extension paths: 
TpTrace Verbose: 0 : 16820, 1, 2025/08/31, 14:53:06.646, 11264249482456, vstest.console.dll, TestPluginCache.GetExtensionPaths: Added default extension paths: C:\Program Files\dotnet\sdk\8.0.200\Extensions\Microsoft.Diagnostics.NETCore.Client.dll
C:\Program Files\dotnet\sdk\8.0.200\Extensions\Microsoft.TestPlatform.Extensions.BlameDataCollector.dll
C:\Program Files\dotnet\sdk\8.0.200\Extensions\Microsoft.TestPlatform.Extensions.EventLogCollector.dll
C:\Program Files\dotnet\sdk\8.0.200\Extensions\Microsoft.TestPlatform.TestHostRuntimeProvider.dll
C:\Program Files\dotnet\sdk\8.0.200\Extensions\Microsoft.VisualStudio.TestPlatform.Extensions.Html.TestLogger.dll
C:\Program Files\dotnet\sdk\8.0.200\Extensions\Microsoft.VisualStudio.TestPlatform.Extensions.Trx.TestLogger.dll
TpTrace Verbose: 0 : 16820, 1, 2025/08/31, 14:53:06.646, 11264249482587, vstest.console.dll, TestPluginCache.GetExtensionPaths: Added unfilterableExtensionPaths: 
TpTrace Verbose: 0 : 16820, 1, 2025/08/31, 14:53:06.646, 11264249482773, vstest.console.dll, TestPluginCache.DiscoverTestExtensions: Discovering the extensions using allExtensionPaths: C:\Program Files\dotnet\sdk\8.0.200\Extensions\Microsoft.Diagnostics.NETCore.Client.dll
C:\Program Files\dotnet\sdk\8.0.200\Extensions\Microsoft.TestPlatform.Extensions.BlameDataCollector.dll
C:\Program Files\dotnet\sdk\8.0.200\Extensions\Microsoft.TestPlatform.Extensions.EventLogCollector.dll
C:\Program Files\dotnet\sdk\8.0.200\Extensions\Microsoft.TestPlatform.TestHostRuntimeProvider.dll
C:\Program Files\dotnet\sdk\8.0.200\Extensions\Microsoft.VisualStudio.TestPlatform.Extensions.Html.TestLogger.dll
C:\Program Files\dotnet\sdk\8.0.200\Extensions\Microsoft.VisualStudio.TestPlatform.Extensions.Trx.TestLogger.dll
TpTrace Information: 0 : 16820, 1, 2025/08/31, 14:53:06.646, 11264249483489, vstest.console.dll, AssemblyResolver.AddSearchDirectories: Adding more searchDirectories C:\Program Files\dotnet\sdk\8.0.200\Extensions,C:\Program Files\dotnet\sdk\8.0.200
TpTrace Information: 0 : 16820, 1, 2025/08/31, 14:53:06.646, 11264249483720, vstest.console.dll, AssemblyResolver.AddSearchDirectories: Adding more searchDirectories C:\Program Files\dotnet\sdk\8.0.200\Extensions,C:\Program Files\dotnet\sdk\8.0.200
TpTrace Information: 0 : 16820, 1, 2025/08/31, 14:53:06.646, 11264249483853, vstest.console.dll, AssemblyResolver.AddSearchDirectories: Adding more searchDirectories C:\Program Files\dotnet\sdk\8.0.200\Extensions,C:\Program Files\dotnet\sdk\8.0.200
TpTrace Information: 0 : 16820, 1, 2025/08/31, 14:53:06.646, 11264249483980, vstest.console.dll, AssemblyResolver.AddSearchDirectories: Adding more searchDirectories C:\Program Files\dotnet\sdk\8.0.200\Extensions,C:\Program Files\dotnet\sdk\8.0.200
TpTrace Information: 0 : 16820, 1, 2025/08/31, 14:53:06.646, 11264249484136, vstest.console.dll, AssemblyResolver.AddSearchDirectories: Adding more searchDirectories C:\Program Files\dotnet\sdk\8.0.200\Extensions,C:\Program Files\dotnet\sdk\8.0.200
TpTrace Information: 0 : 16820, 1, 2025/08/31, 14:53:06.646, 11264249484266, vstest.console.dll, AssemblyResolver.AddSearchDirectories: Adding more searchDirectories C:\Program Files\dotnet\sdk\8.0.200\Extensions,C:\Program Files\dotnet\sdk\8.0.200
TpTrace Verbose: 0 : 16820, 1, 2025/08/31, 14:53:06.646, 11264249485018, vstest.console.dll, MetadataReaderExtensionsHelper: Discovering extensions inside assembly 'Microsoft.Diagnostics.NETCore.Client, Version=0.2.9.2401, Culture=neutral, PublicKeyToken=31bf3856ad364e35' file path 'C:\Program Files\dotnet\sdk\8.0.200\Extensions\Microsoft.Diagnostics.NETCore.Client.dll'
TpTrace Information: 0 : 16820, 1, 2025/08/31, 14:53:06.647, 11264249490408, vstest.console.dll, AssemblyResolver.OnResolve: Microsoft.Bcl.AsyncInterfaces: Resolving assembly.
TpTrace Information: 0 : 16820, 1, 2025/08/31, 14:53:06.647, 11264249490923, vstest.console.dll, AssemblyResolver.OnResolve: Microsoft.Bcl.AsyncInterfaces: Resolved from cache.
TpTrace Verbose: 0 : 16820, 1, 2025/08/31, 14:53:06.647, 11264249491077, vstest.console.dll, CurrentDomainAssemblyResolve: Resolving assembly 'Microsoft.Bcl.AsyncInterfaces'.
TpTrace Information: 0 : 16820, 1, 2025/08/31, 14:53:06.647, 11264249491326, vstest.console.dll, AssemblyResolver.OnResolve: Microsoft.Bcl.AsyncInterfaces: Resolving assembly.
TpTrace Information: 0 : 16820, 1, 2025/08/31, 14:53:06.647, 11264249491470, vstest.console.dll, AssemblyResolver.OnResolve: Microsoft.Bcl.AsyncInterfaces: Resolved from cache.
TpTrace Verbose: 0 : 16820, 1, 2025/08/31, 14:53:06.647, 11264249491589, vstest.console.dll, CurrentDomainAssemblyResolve: Resolving assembly 'Microsoft.Bcl.AsyncInterfaces'.
TpTrace Verbose: 0 : 16820, 1, 2025/08/31, 14:53:06.647, 11264249491708, vstest.console.dll, CurrentDomainAssemblyResolve: Failed to resolve assembly 'Microsoft.Bcl.AsyncInterfaces'.
TpTrace Verbose: 0 : 16820, 1, 2025/08/31, 14:53:06.647, 11264249492751, vstest.console.dll, CurrentDomainAssemblyResolve: Failed to resolve assembly 'Microsoft.Bcl.AsyncInterfaces'.
TpTrace Warning: 0 : 16820, 1, 2025/08/31, 14:53:06.647, 11264249495163, vstest.console.dll, TestPluginDiscoverer: Failed to get types from assembly 'Microsoft.Diagnostics.NETCore.Client, Version=0.2.9.2401, Culture=neutral, PublicKeyToken=31bf3856ad364e35'. Error: System.Reflection.ReflectionTypeLoadException: Unable to load one or more of the requested types.
Could not load file or assembly 'Microsoft.Bcl.AsyncInterfaces, Version=6.0.0.0, Culture=neutral, PublicKeyToken=cc7b13ffcd2ddd51'. The system cannot find the file specified.
   at System.Reflection.RuntimeModule.GetTypes(RuntimeModule module)
   at System.Reflection.RuntimeModule.GetTypes()
   at Microsoft.VisualStudio.TestPlatform.Common.ExtensionFramework.TestPluginDiscoverer.GetTestExtensionsFromAssembly[TPluginInfo,TExtension](Assembly assembly, Dictionary`2 pluginInfos, String filePath) in /_/src/Microsoft.TestPlatform.Common/ExtensionFramework/TestPluginDiscoverer.cs:line 158
System.IO.FileNotFoundException: Could not load file or assembly 'Microsoft.Bcl.AsyncInterfaces, Version=6.0.0.0, Culture=neutral, PublicKeyToken=cc7b13ffcd2ddd51'. The system cannot find the file specified.
File name: 'Microsoft.Bcl.AsyncInterfaces, Version=6.0.0.0, Culture=neutral, PublicKeyToken=cc7b13ffcd2ddd51'
 ---> System.IO.FileNotFoundException: Could not load file or assembly 'Microsoft.Bcl.AsyncInterfaces, Culture=neutral, PublicKeyToken=null'. The system cannot find the file specified.
File name: 'Microsoft.Bcl.AsyncInterfaces, Culture=neutral, PublicKeyToken=null'
   at System.Reflection.RuntimeAssembly.InternalLoad(AssemblyName assemblyName, StackCrawlMark& stackMark, AssemblyLoadContext assemblyLoadContext, RuntimeAssembly requestingAssembly, Boolean throwOnFileNotFound)
   at System.Reflection.Assembly.Load(AssemblyName assemblyRef)
   at Microsoft.VisualStudio.TestPlatform.Common.ExtensionFramework.TestPluginCache.CurrentDomainAssemblyResolve(Object sender, AssemblyResolveEventArgs args) in /_/src/Microsoft.TestPlatform.Common/ExtensionFramework/TestPluginCache.cs:line 513
   at System.Runtime.Loader.AssemblyLoadContext.GetFirstResolvedAssemblyFromResolvingEvent(AssemblyName assemblyName)
   at System.Runtime.Loader.AssemblyLoadContext.ResolveUsingEvent(AssemblyName assemblyName)
   at System.Runtime.Loader.AssemblyLoadContext.ResolveUsingResolvingEvent(IntPtr gchManagedAssemblyLoadContext, AssemblyName assemblyName)
TpTrace Warning: 0 : 16820, 1, 2025/08/31, 14:53:06.648, 11264249496137, vstest.console.dll, LoaderExceptions: System.IO.FileNotFoundException: Could not load file or assembly 'Microsoft.Bcl.AsyncInterfaces, Version=6.0.0.0, Culture=neutral, PublicKeyToken=cc7b13ffcd2ddd51'. The system cannot find the file specified.
File name: 'Microsoft.Bcl.AsyncInterfaces, Version=6.0.0.0, Culture=neutral, PublicKeyToken=cc7b13ffcd2ddd51'
 ---> System.IO.FileNotFoundException: Could not load file or assembly 'Microsoft.Bcl.AsyncInterfaces, Culture=neutral, PublicKeyToken=null'. The system cannot find the file specified.
File name: 'Microsoft.Bcl.AsyncInterfaces, Culture=neutral, PublicKeyToken=null'
   at System.Reflection.RuntimeAssembly.InternalLoad(AssemblyName assemblyName, StackCrawlMark& stackMark, AssemblyLoadContext assemblyLoadContext, RuntimeAssembly requestingAssembly, Boolean throwOnFileNotFound)
   at System.Reflection.Assembly.Load(AssemblyName assemblyRef)
   at Microsoft.VisualStudio.TestPlatform.Common.ExtensionFramework.TestPluginCache.CurrentDomainAssemblyResolve(Object sender, AssemblyResolveEventArgs args) in /_/src/Microsoft.TestPlatform.Common/ExtensionFramework/TestPluginCache.cs:line 513
   at System.Runtime.Loader.AssemblyLoadContext.GetFirstResolvedAssemblyFromResolvingEvent(AssemblyName assemblyName)
   at System.Runtime.Loader.AssemblyLoadContext.ResolveUsingEvent(AssemblyName assemblyName)
   at System.Runtime.Loader.AssemblyLoadContext.ResolveUsingResolvingEvent(IntPtr gchManagedAssemblyLoadContext, AssemblyName assemblyName)
TpTrace Verbose: 0 : 16820, 1, 2025/08/31, 14:53:06.648, 11264249496576, vstest.console.dll, MetadataReaderExtensionsHelper: Discovering extensions inside assembly 'Microsoft.TestPlatform.Extensions.BlameDataCollector, Version=15.0.0.0, Culture=neutral, PublicKeyToken=b03f5f7f11d50a3a' file path 'C:\Program Files\dotnet\sdk\8.0.200\Extensions\Microsoft.TestPlatform.Extensions.BlameDataCollector.dll'
TpTrace Information: 0 : 16820, 1, 2025/08/31, 14:53:06.648, 11264249499743, vstest.console.dll, GetTestExtensionFromType: Register extension with identifier data 'logger://Microsoft/TestPlatform/Extensions/Blame/v1' and type 'Microsoft.TestPlatform.Extensions.BlameDataCollector.BlameLogger, Microsoft.TestPlatform.Extensions.BlameDataCollector, Version=15.0.0.0, Culture=neutral, PublicKeyToken=b03f5f7f11d50a3a' inside file 'C:\Program Files\dotnet\sdk\8.0.200\Extensions\Microsoft.TestPlatform.Extensions.BlameDataCollector.dll'
TpTrace Verbose: 0 : 16820, 1, 2025/08/31, 14:53:06.648, 11264249500299, vstest.console.dll, MetadataReaderExtensionsHelper: Discovering extensions inside assembly 'Microsoft.TestPlatform.Extensions.EventLogCollector, Version=15.0.0.0, Culture=neutral, PublicKeyToken=b03f5f7f11d50a3a' file path 'C:\Program Files\dotnet\sdk\8.0.200\Extensions\Microsoft.TestPlatform.Extensions.EventLogCollector.dll'
TpTrace Verbose: 0 : 16820, 1, 2025/08/31, 14:53:06.648, 11264249502333, vstest.console.dll, MetadataReaderExtensionsHelper: Discovering extensions inside assembly 'Microsoft.TestPlatform.TestHostRuntimeProvider, Version=15.0.0.0, Culture=neutral, PublicKeyToken=b03f5f7f11d50a3a' file path 'C:\Program Files\dotnet\sdk\8.0.200\Extensions\Microsoft.TestPlatform.TestHostRuntimeProvider.dll'
TpTrace Verbose: 0 : 16820, 1, 2025/08/31, 14:53:06.648, 11264249504106, vstest.console.dll, MetadataReaderExtensionsHelper: Discovering extensions inside assembly 'Microsoft.VisualStudio.TestPlatform.Extensions.Html.TestLogger, Version=15.0.0.0, Culture=neutral, PublicKeyToken=b03f5f7f11d50a3a' file path 'C:\Program Files\dotnet\sdk\8.0.200\Extensions\Microsoft.VisualStudio.TestPlatform.Extensions.Html.TestLogger.dll'
TpTrace Information: 0 : 16820, 1, 2025/08/31, 14:53:06.649, 11264249507988, vstest.console.dll, GetTestExtensionFromType: Register extension with identifier data 'logger://Microsoft/TestPlatform/HtmlLogger/v1' and type 'Microsoft.VisualStudio.TestPlatform.Extensions.HtmlLogger.HtmlLogger, Microsoft.VisualStudio.TestPlatform.Extensions.Html.TestLogger, Version=15.0.0.0, Culture=neutral, PublicKeyToken=b03f5f7f11d50a3a' inside file 'C:\Program Files\dotnet\sdk\8.0.200\Extensions\Microsoft.VisualStudio.TestPlatform.Extensions.Html.TestLogger.dll'
TpTrace Verbose: 0 : 16820, 1, 2025/08/31, 14:53:06.649, 11264249508596, vstest.console.dll, MetadataReaderExtensionsHelper: Discovering extensions inside assembly 'Microsoft.VisualStudio.TestPlatform.Extensions.Trx.TestLogger, Version=15.0.0.0, Culture=neutral, PublicKeyToken=b03f5f7f11d50a3a' file path 'C:\Program Files\dotnet\sdk\8.0.200\Extensions\Microsoft.VisualStudio.TestPlatform.Extensions.Trx.TestLogger.dll'
TpTrace Information: 0 : 16820, 1, 2025/08/31, 14:53:06.649, 11264249511278, vstest.console.dll, GetTestExtensionFromType: Register extension with identifier data 'logger://Microsoft/TestPlatform/TrxLogger/v1' and type 'Microsoft.VisualStudio.TestPlatform.Extensions.TrxLogger.TrxLogger, Microsoft.VisualStudio.TestPlatform.Extensions.Trx.TestLogger, Version=15.0.0.0, Culture=neutral, PublicKeyToken=b03f5f7f11d50a3a' inside file 'C:\Program Files\dotnet\sdk\8.0.200\Extensions\Microsoft.VisualStudio.TestPlatform.Extensions.Trx.TestLogger.dll'
TpTrace Verbose: 0 : 16820, 1, 2025/08/31, 14:53:06.649, 11264249511751, vstest.console.dll, TestPluginCache: Discovered the extensions using extension path ''.
TpTrace Verbose: 0 : 16820, 1, 2025/08/31, 14:53:06.649, 11264249511898, vstest.console.dll, TestPluginCache: Discoverers are ''.
TpTrace Verbose: 0 : 16820, 1, 2025/08/31, 14:53:06.649, 11264249512018, vstest.console.dll, TestPluginCache: Executors are ''.
TpTrace Verbose: 0 : 16820, 1, 2025/08/31, 14:53:06.649, 11264249512130, vstest.console.dll, TestPluginCache: Executors2 are ''.
TpTrace Verbose: 0 : 16820, 1, 2025/08/31, 14:53:06.649, 11264249512281, vstest.console.dll, TestPluginCache: Setting providers are ''.
TpTrace Verbose: 0 : 16820, 1, 2025/08/31, 14:53:06.649, 11264249512875, vstest.console.dll, TestPluginCache: Loggers are 'logger://Microsoft/TestPlatform/Extensions/Blame/v1,logger://Microsoft/TestPlatform/HtmlLogger/v1,logger://Microsoft/TestPlatform/TrxLogger/v1'.
TpTrace Verbose: 0 : 16820, 1, 2025/08/31, 14:53:06.649, 11264249513091, vstest.console.dll, TestPluginCache: TestHosts are 'HostProvider://DefaultTestHost,HostProvider://DotnetTestHost'.
TpTrace Verbose: 0 : 16820, 1, 2025/08/31, 14:53:06.649, 11264249513211, vstest.console.dll, TestPluginCache: DataCollectors are ''.
TpTrace Information: 0 : 16820, 1, 2025/08/31, 14:53:06.650, 11264249519939, vstest.console.dll, TestPluginManager.CreateTestExtension: Attempting to load test extension: Microsoft.TestPlatform.Extensions.BlameDataCollector.BlameLogger
TpTrace Verbose: 0 : 16820, 1, 2025/08/31, 14:53:06.655, 11264249575246, vstest.console.dll, TestEngine: Initializing Parallel Execution as MaxCpuCount is set to: 1
TpTrace Information: 0 : 16820, 1, 2025/08/31, 14:53:06.657, 11264249585973, vstest.console.dll, TestPluginManager.CreateTestExtension: Attempting to load test extension: Microsoft.VisualStudio.TestPlatform.CrossPlatEngine.Hosting.DefaultTestHostManager
TpTrace Information: 0 : 16820, 1, 2025/08/31, 14:53:06.657, 11264249592579, vstest.console.dll, TestPluginManager.CreateTestExtension: Attempting to load test extension: Microsoft.VisualStudio.TestPlatform.CrossPlatEngine.Hosting.DotnetTestHostManager
TpTrace Information: 0 : 16820, 1, 2025/08/31, 14:53:06.658, 11264249597172, vstest.console.dll, InferRunSettingsHelper.IsTestSettingsEnabled: Unable to navigate to RunSettings/MSTest. Current node: RunSettings
TpTrace Verbose: 0 : 16820, 1, 2025/08/31, 14:53:06.658, 11264249602196, vstest.console.dll, ParallelOperationManager.ClearSlots: Clearing all slots. Slots should accept more work: True
TpTrace Verbose: 0 : 16820, 1, 2025/08/31, 14:53:06.659, 11264249607490, vstest.console.dll, ParallelOperationManager.SetOccupiedSlotCount: Setting slot counts AvailableSlotCount = 3, OccupiedSlotCount = 0.
TpTrace Verbose: 0 : 16820, 1, 2025/08/31, 14:53:06.659, 11264249609843, vstest.console.dll, Occupied slots:

TpTrace Verbose: 0 : 16820, 1, 2025/08/31, 14:53:06.662, 11264249645408, vstest.console.dll, TestEngine.GetExecutionManager: Chosen execution manager 'Microsoft.VisualStudio.TestPlatform.CrossPlatEngine.Client.Parallel.ParallelProxyExecutionManager, Microsoft.TestPlatform.CrossPlatEngine, Version=15.0.0.0, Culture=neutral, PublicKeyToken=b03f5f7f11d50a3a' ParallelLevel '1'.
TpTrace Verbose: 0 : 16820, 1, 2025/08/31, 14:53:06.663, 11264249647184, vstest.console.dll, TestRunRequest.ExecuteAsync: Creating test run request.
TpTrace Verbose: 0 : 16820, 1, 2025/08/31, 14:53:06.663, 11264249648767, vstest.console.dll, TestRunRequest.ExecuteAsync: Starting.
TpTrace Information: 0 : 16820, 1, 2025/08/31, 14:53:06.664, 11264249656705, vstest.console.dll, TestRunRequest.ExecuteAsync: Starting run with settings:TestRunCriteria:
   KeepAlive=False,FrequencyOfRunStatsChangeEvent=10,RunStatsChangeEventTimeout=00:00:01.5000000,TestCaseFilter=,TestExecutorLauncher=
   Settingsxml=<RunSettings>
  <RunConfiguration>
    <ResultsDirectory>Z:\Endava\CarInsurance.Api 1\CarsInsuranceApiTests\bin\Debug\net8.0\fine-code-coverage\coverage-tool-output</ResultsDirectory>
    <TargetPlatform>X64</TargetPlatform>
    <TargetFrameworkVersion>.NETCoreApp,Version=v8.0</TargetFrameworkVersion>
    <DesignMode>False</DesignMode>
    <CollectSourceInformation>False</CollectSourceInformation>
  </RunConfiguration>
  <LoggerRunSettings>
    <Loggers>
      <Logger friendlyName="blame" enabled="True" />
      <Logger friendlyName="Console" uri="logger://microsoft/TestPlatform/ConsoleLogger/v1" assemblyQualifiedName="Microsoft.VisualStudio.TestPlatform.CommandLine.Internal.ConsoleLogger, vstest.console, Version=15.0.0.0, Culture=neutral, PublicKeyToken=b03f5f7f11d50a3a" codeBase="C:\Program Files\dotnet\sdk\8.0.200\vstest.console.dll" enabled="True" />
    </Loggers>
  </LoggerRunSettings>
  <DataCollectionRunSettings>
    <DataCollectors>
      <DataCollector friendlyName="blame" enabled="True">
        <Configuration>
          <ResultsDirectory>Z:\Endava\CarInsurance.Api 1\CarsInsuranceApiTests\bin\Debug\net8.0\fine-code-coverage\coverage-tool-output</ResultsDirectory>
        </Configuration>
      </DataCollector>
    </DataCollectors>
  </DataCollectionRunSettings>
</RunSettings>

TpTrace Verbose: 0 : 16820, 1, 2025/08/31, 14:53:06.664, 11264249657269, vstest.console.dll, TestRunRequest.ExecuteAsync: Wait for the first run request is over.
TpTrace Verbose: 0 : 16820, 1, 2025/08/31, 14:53:06.664, 11264249659744, vstest.console.dll, MulticastDelegateUtilities.SafeInvoke: TestRun.TestRunStart: Invoking callbacks was skipped because there are no subscribers.
TpTrace Verbose: 0 : 16820, 4, 2025/08/31, 14:53:06.664, 11264249661748, vstest.console.dll, MulticastDelegateUtilities.SafeInvoke: InternalTestLoggerEvents.SendTestRunStart: Invoking callback 1/1 for Microsoft.VisualStudio.TestPlatform.CommandLine.Internal.ConsoleLogger., took 0 ms.
TpTrace Verbose: 0 : 16820, 1, 2025/08/31, 14:53:06.665, 11264249666685, vstest.console.dll, ParallelProxyExecutionManager: Start execution. Total sources: 1
TpTrace Verbose: 0 : 16820, 1, 2025/08/31, 14:53:06.665, 11264249669037, vstest.console.dll, ParallelOperationManager.StartWork: Starting adding 1 workloads.
TpTrace Verbose: 0 : 16820, 1, 2025/08/31, 14:53:06.665, 11264249669460, vstest.console.dll, ParallelOperationManager.ClearSlots: Clearing all slots. Slots should accept more work: True
TpTrace Verbose: 0 : 16820, 1, 2025/08/31, 14:53:06.665, 11264249669839, vstest.console.dll, ParallelOperationManager.SetOccupiedSlotCount: Setting slot counts AvailableSlotCount = 3, OccupiedSlotCount = 0.
TpTrace Verbose: 0 : 16820, 1, 2025/08/31, 14:53:06.665, 11264249670032, vstest.console.dll, Occupied slots:

TpTrace Verbose: 0 : 16820, 1, 2025/08/31, 14:53:06.666, 11264249679143, vstest.console.dll, TestRequestSender is acting as server.
TpTrace Verbose: 0 : 16820, 1, 2025/08/31, 14:53:06.667, 11264249686441, vstest.console.dll, ParallelOperationManager.RunWorkInParallel: Adding 1 workload to slot, remaining workloads 0.
TpTrace Verbose: 0 : 16820, 1, 2025/08/31, 14:53:06.667, 11264249686862, vstest.console.dll, ParallelOperationManager.SetOccupiedSlotCount: Setting slot counts AvailableSlotCount = 2, OccupiedSlotCount = 1.
TpTrace Verbose: 0 : 16820, 1, 2025/08/31, 14:53:06.667, 11264249687491, vstest.console.dll, Occupied slots:
0: Z:\Endava\CarInsurance.Api 1\CarsInsuranceApiTests\bin\Debug\net8.0\fine-code-coverage\build-output\CarsInsuranceApiTests.dll
TpTrace Verbose: 0 : 16820, 1, 2025/08/31, 14:53:06.667, 11264249694476, vstest.console.dll, ParallelOperationManager.RunWorkInParallel: Started host in slot number 0 for work (source): Z:\Endava\CarInsurance.Api 1\CarsInsuranceApiTests\bin\Debug\net8.0\fine-code-coverage\build-output\CarsInsuranceApiTests.dll.
TpTrace Verbose: 0 : 16820, 1, 2025/08/31, 14:53:06.668, 11264249702736, vstest.console.dll, ParallelOperationManager.RunWorkInParallel: We started 1 work items, which is the max parallel level. Won't start more work.
TpTrace Verbose: 0 : 16820, 1, 2025/08/31, 14:53:06.668, 11264249703250, vstest.console.dll, ParallelOperationManager.RunWorkInParallel: We started 1 work items in here, returning True.
TpTrace Information: 0 : 16820, 1, 2025/08/31, 14:53:06.668, 11264249703495, vstest.console.dll, TestRunRequest.ExecuteAsync: Started.
TpTrace Verbose: 0 : 16820, 5, 2025/08/31, 14:53:06.668, 11264249705459, vstest.console.dll, ParallelProxyExecutionManager.StartTestRunOnConcurrentManager: Initializing uninitialized client. Started clients: 0
TpTrace Verbose: 0 : 16820, 1, 2025/08/31, 14:53:06.669, 11264249707171, vstest.console.dll, TestRunRequest.WaitForCompletion: Waiting with timeout -1.
TpTrace Verbose: 0 : 16820, 5, 2025/08/31, 14:53:06.669, 11264249708201, vstest.console.dll, DataCollectionRequestSender.InitializeCommunication : Initialize communication. 
TpTrace Information: 0 : 16820, 5, 2025/08/31, 14:53:06.674, 11264249760284, vstest.console.dll, Listening on Endpoint : 127.0.0.1:51783
TpTrace Verbose: 0 : 16820, 5, 2025/08/31, 14:53:06.680, 11264249818340, vstest.console.dll, DotnetDataCollectionLauncher: Adding  --runtimeconfig "C:\Program Files\dotnet\sdk\8.0.200\datacollector.runtimeconfig.json" in args
TpTrace Verbose: 0 : 16820, 5, 2025/08/31, 14:53:06.680, 11264249819497, vstest.console.dll, DotnetDataCollectionLauncher: Adding  --depsfile "C:\Program Files\dotnet\sdk\8.0.200\datacollector.deps.json" in args
TpTrace Verbose: 0 : 16820, 5, 2025/08/31, 14:53:06.680, 11264249820743, vstest.console.dll, DotnetDataCollectionLauncher: Full path of dotnet.exe is C:\Program Files\dotnet\dotnet.exe
TpTrace Information: 0 : 16820, 5, 2025/08/31, 14:53:06.685, 11264249875245, vstest.console.dll, ProxyDataCollectionManager.Initialize: Launched datacollector processId: 6492 port: 51783
TpTrace Information: 0 : 16820, 5, 2025/08/31, 14:53:06.686, 11264249877579, vstest.console.dll, ProxyDataCollectionManager.Initialize: waiting for connection with timeout: 90 seconds
TpTrace Verbose: 0 : 16820, 5, 2025/08/31, 14:53:06.686, 11264249877875, vstest.console.dll, DataCollectionRequestSender.WaitForRequestHandlerConnection : Waiting for connection with timeout: 90000
TpTrace Information: 0 : 16820, 7, 2025/08/31, 14:53:06.796, 11264250980937, vstest.console.dll, Using the buffer size of 16384 bytes
TpTrace Verbose: 0 : 16820, 5, 2025/08/31, 14:53:06.796, 11264250981507, vstest.console.dll, SocketCommunicationManager.WaitForClientConnection took: 110 ms, with 90000 ms timeout, and finished with True.
TpTrace Information: 0 : 16820, 7, 2025/08/31, 14:53:06.796, 11264250982851, vstest.console.dll, Accepted Client request and set the flag
TpTrace Verbose: 0 : 16820, 5, 2025/08/31, 14:53:06.796, 11264250982945, vstest.console.dll, ProxyDataCollectionManager.InvokeDataCollectionServiceAction: Starting.
TpTrace Information: 0 : 16820, 5, 2025/08/31, 14:53:06.796, 11264250983906, vstest.console.dll, ProxyDataCollectionManager.BeforeTestRunStart: Get environment variable and port for datacollector processId: 6492 port: 51783
TpTrace Verbose: 0 : 16820, 5, 2025/08/31, 14:53:06.796, 11264250984696, vstest.console.dll, DataCollectionRequestSender.SendBeforeTestRunStartAndGetResult: Send BeforeTestRunStart message with settingsXml <RunSettings><RunConfiguration><ResultsDirectory>Z:\Endava\CarInsurance.Api 1\CarsInsuranceApiTests\bin\Debug\net8.0\fine-code-coverage\coverage-tool-output</ResultsDirectory><TargetPlatform>X64</TargetPlatform><TargetFrameworkVersion>.NETCoreApp,Version=v8.0</TargetFrameworkVersion><DesignMode>False</DesignMode><CollectSourceInformation>False</CollectSourceInformation><TestAdaptersPaths>C:\Program Files\dotnet\sdk\8.0.200\Extensions</TestAdaptersPaths></RunConfiguration><LoggerRunSettings><Loggers><Logger friendlyName="blame" enabled="True" /><Logger friendlyName="Console" uri="logger://microsoft/TestPlatform/ConsoleLogger/v1" assemblyQualifiedName="Microsoft.VisualStudio.TestPlatform.CommandLine.Internal.ConsoleLogger, vstest.console, Version=15.0.0.0, Culture=neutral, PublicKeyToken=b03f5f7f11d50a3a" codeBase="C:\Program Files\dotnet\sdk\8.0.200\vstest.console.dll" enabled="True" /></Loggers></LoggerRunSettings><DataCollectionRunSettings><DataCollectors><DataCollector friendlyName="blame" enabled="True"><Configuration><ResultsDirectory>Z:\Endava\CarInsurance.Api 1\CarsInsuranceApiTests\bin\Debug\net8.0\fine-code-coverage\coverage-tool-output</ResultsDirectory></Configuration></DataCollector></DataCollectors></DataCollectionRunSettings></RunSettings> and sources System.Collections.Generic.List`1[System.String]: 
TpTrace Verbose: 0 : 16820, 5, 2025/08/31, 14:53:06.855, 11264251566939, vstest.console.dll, DataCollectionRequestSender.SendBeforeTestRunStartAndGetResult: Received message: (DataCollection.SendMessage) -> {"MessageType":"DataCollection.SendMessage","Payload":{"FriendlyName":null,"Uri":null,"TestCaseId":"00000000-0000-0000-0000-000000000000","Message":"Logging DataCollector Diagnostics in file: Z:\\Endava\\CarInsurance.Api 1\\CarsInsuranceApiTests\\bin\\Debug\\net8.0\\fine-code-coverage\\coverage-tool-output\\diagnostics.datacollector.25-08-31_14-53-06_68000_5.log","Level":0}}
TpTrace Verbose: 0 : 16820, 5, 2025/08/31, 14:53:06.912, 11264252140597, vstest.console.dll, DataCollectionRequestSender.SendBeforeTestRunStartAndGetResult: Received message: (DataCollection.BeforeTestRunStartResult) -> {"MessageType":"DataCollection.BeforeTestRunStartResult","Payload":{"EnvironmentVariables":{},"DataCollectionEventsPort":51785}}
TpTrace Information: 0 : 16820, 5, 2025/08/31, 14:53:06.916, 11264252181281, vstest.console.dll, ProxyDataCollectionManager.BeforeTestRunStart: SendBeforeTestRunStartAndGetResult successful, env variable from datacollector:   and testhost port: 51785
TpTrace Information: 0 : 16820, 5, 2025/08/31, 14:53:06.916, 11264252182444, vstest.console.dll, ProxyDataCollectionManager.InvokeDataCollectionServiceAction: Completed.
TpTrace Verbose: 0 : 16820, 5, 2025/08/31, 14:53:06.916, 11264252182718, vstest.console.dll, ParallelProxyExecutionManager.StartTestRunOnConcurrentManager: Initializing test run. Started clients: 0
TpTrace Verbose: 0 : 16820, 5, 2025/08/31, 14:53:06.916, 11264252183320, vstest.console.dll, ProxyExecutionManager: Test host is always Lazy initialize.
TpTrace Verbose: 0 : 16820, 5, 2025/08/31, 14:53:06.916, 11264252184678, vstest.console.dll, TestRequestSender.InitializeCommunication: initialize communication. 
TpTrace Information: 0 : 16820, 5, 2025/08/31, 14:53:06.917, 11264252188818, vstest.console.dll, SocketServer.Start: Listening on endpoint : 127.0.0.1:51786
TpTrace Verbose: 0 : 16820, 5, 2025/08/31, 14:53:06.917, 11264252194180, vstest.console.dll, DotnetTestHostmanager.GetTestHostProcessStartInfo: Platform environment 'X64' target architecture 'X64' framework '.NETCoreApp,Version=v8.0' OS 'Windows'
TpTrace Verbose: 0 : 16820, 5, 2025/08/31, 14:53:06.917, 11264252195342, vstest.console.dll, DotnetTestHostmanager: Adding  --runtimeconfig "Z:\Endava\CarInsurance.Api 1\CarsInsuranceApiTests\bin\Debug\net8.0\fine-code-coverage\build-output\CarsInsuranceApiTests.runtimeconfig.json" in args
TpTrace Verbose: 0 : 16820, 5, 2025/08/31, 14:53:06.917, 11264252195629, vstest.console.dll, DotnetTestHostmanager: Adding  --depsfile "Z:\Endava\CarInsurance.Api 1\CarsInsuranceApiTests\bin\Debug\net8.0\fine-code-coverage\build-output\CarsInsuranceApiTests.deps.json" in args
TpTrace Verbose: 0 : 16820, 5, 2025/08/31, 14:53:06.918, 11264252197663, vstest.console.dll, DotnetTestHostmanager.IsWinOnArm: Current PROCESSOR_ARCHITECTURE from environment variable 'AMD64'
TpTrace Verbose: 0 : 16820, 5, 2025/08/31, 14:53:06.918, 11264252198135, vstest.console.dll, DotnetTestHostmanager.IsWinOnArm: Is Windows on ARM 'False'
TpTrace Verbose: 0 : 16820, 5, 2025/08/31, 14:53:06.918, 11264252198470, vstest.console.dll, DotnetTestHostManager: testhost.exe found at path: Z:\Endava\CarInsurance.Api 1\CarsInsuranceApiTests\bin\Debug\net8.0\fine-code-coverage\build-output\testhost.exe
TpTrace Verbose: 0 : 16820, 5, 2025/08/31, 14:53:06.918, 11264252198645, vstest.console.dll, DotnetTestHostmanager: Full path of host exe is Z:\Endava\CarInsurance.Api 1\CarsInsuranceApiTests\bin\Debug\net8.0\fine-code-coverage\build-output\testhost.exe
TpTrace Verbose: 0 : 16820, 5, 2025/08/31, 14:53:06.918, 11264252199498, vstest.console.dll, DotnetTestHostmanager.LaunchTestHostAsync: Found 'VSTEST_WINAPPHOST_DOTNET_ROOT' in env variables, value 'C:\Program Files\dotnet', forwarding to 'DOTNET_ROOT'
TpTrace Verbose: 0 : 16820, 5, 2025/08/31, 14:53:06.918, 11264252200377, vstest.console.dll, DotnetTestHostManager: Starting process 'Z:\Endava\CarInsurance.Api 1\CarsInsuranceApiTests\bin\Debug\net8.0\fine-code-coverage\build-output\testhost.exe' with command line ' --runtimeconfig "Z:\Endava\CarInsurance.Api 1\CarsInsuranceApiTests\bin\Debug\net8.0\fine-code-coverage\build-output\CarsInsuranceApiTests.runtimeconfig.json" --depsfile "Z:\Endava\CarInsurance.Api 1\CarsInsuranceApiTests\bin\Debug\net8.0\fine-code-coverage\build-output\CarsInsuranceApiTests.deps.json" --port 51786 --endpoint 127.0.0.1:051786 --role client --parentprocessid 16820 --diag "Z:\Endava\CarInsurance.Api 1\CarsInsuranceApiTests\bin\Debug\net8.0\fine-code-coverage\coverage-tool-output\diagnostics.host.25-08-31_14-53-06_91758_5.log" --tracelevel 4 --datacollectionport 51785 --telemetryoptedin false'
TpTrace Verbose: 0 : 16820, 5, 2025/08/31, 14:53:06.923, 11264252253891, vstest.console.dll, MulticastDelegateUtilities.SafeInvoke: HostProviderEvents.OnHostLaunched: Invoking callback 1/2 for Microsoft.VisualStudio.TestPlatform.CrossPlatEngine.Client.ProxyExecutionManagerWithDataCollection., took 0 ms.
TpTrace Verbose: 0 : 16820, 5, 2025/08/31, 14:53:06.924, 11264252256707, vstest.console.dll, Test Runtime launched
TpTrace Verbose: 0 : 16820, 5, 2025/08/31, 14:53:06.924, 11264252257187, vstest.console.dll, MulticastDelegateUtilities.SafeInvoke: HostProviderEvents.OnHostLaunched: Invoking callback 2/2 for Microsoft.VisualStudio.TestPlatform.CrossPlatEngine.Client.ProxyOperationManager., took 0 ms.
TpTrace Verbose: 0 : 16820, 5, 2025/08/31, 14:53:06.924, 11264252258457, vstest.console.dll, TestRequestSender.WaitForRequestHandlerConnection: waiting for connection with timeout: 90000.
TpTrace Verbose: 0 : 16820, 7, 2025/08/31, 14:53:07.054, 11264253557920, vstest.console.dll, MulticastDelegateUtilities.SafeInvoke: SocketServer: ClientConnected: Invoking callback 1/1 for Microsoft.VisualStudio.TestPlatform.CommunicationUtilities.TestRequestSender., took 0 ms.
TpTrace Verbose: 0 : 16820, 5, 2025/08/31, 14:53:07.054, 11264253558571, vstest.console.dll, TestRequestSender.WaitForRequestHandlerConnection: waiting took 130 ms, with timeout 90000 ms, and result 0, which is success.
TpTrace Verbose: 0 : 16820, 7, 2025/08/31, 14:53:07.054, 11264253559910, vstest.console.dll, SocketServer.OnClientConnected: Client connected for endPoint: 127.0.0.1:51786, starting MessageLoopAsync:
TpTrace Verbose: 0 : 16820, 7, 2025/08/31, 14:53:07.054, 11264253563713, vstest.console.dll, TcpClientExtensions.MessageLoopAsync: Polling on remoteEndPoint: 127.0.0.1:51787 localEndPoint: 127.0.0.1:51786 after 0 ms
TpTrace Verbose: 0 : 16820, 5, 2025/08/31, 14:53:07.054, 11264253565087, vstest.console.dll, TestRequestSender.CheckVersionWithTestHost: Sending check version message: {"MessageType":"ProtocolVersion","Payload":7}
TpTrace Verbose: 0 : 16820, 7, 2025/08/31, 14:53:07.129, 11264254315110, vstest.console.dll, TcpClientExtensions.MessageLoopAsync: NotifyDataAvailable remoteEndPoint: 127.0.0.1:51787 localEndPoint: 127.0.0.1:51786
TpTrace Verbose: 0 : 16820, 7, 2025/08/31, 14:53:07.130, 11264254317293, vstest.console.dll, TestRequestSender.CheckVersionWithTestHost: onMessageReceived received message: (ProtocolVersion) -> {"MessageType":"ProtocolVersion","Payload":7}
TpTrace Verbose: 0 : 16820, 7, 2025/08/31, 14:53:07.130, 11264254321404, vstest.console.dll, MulticastDelegateUtilities.SafeInvoke: LengthPrefixCommunicationChannel: MessageReceived: Invoking callback 1/1 for Microsoft.VisualStudio.TestPlatform.CommunicationUtilities.TestRequestSender+<>c__DisplayClass29_0., took 0 ms.
TpTrace Verbose: 0 : 16820, 7, 2025/08/31, 14:53:07.130, 11264254322103, vstest.console.dll, TcpClientExtensions.MessageLoopAsync: Polling on remoteEndPoint: 127.0.0.1:51787 localEndPoint: 127.0.0.1:51786 after 75 ms
TpTrace Verbose: 0 : 16820, 5, 2025/08/31, 14:53:07.130, 11264254322192, vstest.console.dll, TestPluginCache.GetExtensionPaths: Filtered extension paths: 
TpTrace Verbose: 0 : 16820, 5, 2025/08/31, 14:53:07.130, 11264254322936, vstest.console.dll, TestPluginCache.GetExtensionPaths: Added default extension paths: C:\Program Files\dotnet\sdk\8.0.200\Extensions\Microsoft.Diagnostics.NETCore.Client.dll
C:\Program Files\dotnet\sdk\8.0.200\Extensions\Microsoft.TestPlatform.Extensions.BlameDataCollector.dll
C:\Program Files\dotnet\sdk\8.0.200\Extensions\Microsoft.TestPlatform.Extensions.EventLogCollector.dll
C:\Program Files\dotnet\sdk\8.0.200\Extensions\Microsoft.TestPlatform.TestHostRuntimeProvider.dll
C:\Program Files\dotnet\sdk\8.0.200\Extensions\Microsoft.VisualStudio.TestPlatform.Extensions.Html.TestLogger.dll
C:\Program Files\dotnet\sdk\8.0.200\Extensions\Microsoft.VisualStudio.TestPlatform.Extensions.Trx.TestLogger.dll
TpTrace Verbose: 0 : 16820, 5, 2025/08/31, 14:53:07.130, 11264254323606, vstest.console.dll, TestPluginCache.GetExtensionPaths: Added unfilterableExtensionPaths: 
TpTrace Verbose: 0 : 16820, 5, 2025/08/31, 14:53:07.132, 11264254340209, vstest.console.dll, TestRequestSender.InitializeExecution: Sending initialize execution with message: {"Version":7,"MessageType":"TestExecution.Initialize","Payload":["Z:\\Endava\\CarInsurance.Api 1\\CarsInsuranceApiTests\\bin\\Debug\\net8.0\\fine-code-coverage\\build-output\\xunit.runner.visualstudio.dotnetcore.testadapter.dll"]}
TpTrace Verbose: 0 : 16820, 5, 2025/08/31, 14:53:07.132, 11264254341801, vstest.console.dll, ParallelProxyExecutionManager.StartTestRunOnConcurrentManager: Execution starting. Started clients: 1
TpTrace Verbose: 0 : 16820, 5, 2025/08/31, 14:53:07.132, 11264254343529, vstest.console.dll, TestRunRequest:SendTestRunMessage: Starting.
TpTrace Verbose: 0 : 16820, 5, 2025/08/31, 14:53:07.132, 11264254344576, vstest.console.dll, MulticastDelegateUtilities.SafeInvoke: TestRun.LogMessages: Invoking callback 1/1 for Microsoft.VisualStudio.TestPlatform.CommandLine.TestRunResultAggregator., took 0 ms.
TpTrace Information: 0 : 16820, 5, 2025/08/31, 14:53:07.132, 11264254344809, vstest.console.dll, TestRunRequest:SendTestRunMessage: Completed.
TpTrace Verbose: 0 : 16820, 4, 2025/08/31, 14:53:07.133, 11264254346034, vstest.console.dll, MulticastDelegateUtilities.SafeInvoke: InternalTestLoggerEvents.SendTestRunMessage: Invoking callback 1/1 for Microsoft.VisualStudio.TestPlatform.CommandLine.Internal.ConsoleLogger., took 0 ms.
TpTrace Warning: 0 : 16820, 5, 2025/08/31, 14:53:07.133, 11264254347456, vstest.console.dll, InferRunSettingsHelper.MakeRunsettingsCompatible: Removing the following settings: TargetPlatform from RunSettings file. To use those settings please move to latest version of Microsoft.NET.Test.Sdk
TpTrace Verbose: 0 : 16820, 7, 2025/08/31, 14:53:07.133, 11264254354705, vstest.console.dll, TcpClientExtensions.MessageLoopAsync: NotifyDataAvailable remoteEndPoint: 127.0.0.1:51787 localEndPoint: 127.0.0.1:51786
TpTrace Verbose: 0 : 16820, 7, 2025/08/31, 14:53:07.134, 11264254356570, vstest.console.dll, TestRequestSender.OnExecutionMessageReceived: Received message: {"Version":7,"MessageType":"TestSession.Message","Payload":{"MessageLevel":0,"Message":"Logging TestHost Diagnostics in file: Z:\\Endava\\CarInsurance.Api 1\\CarsInsuranceApiTests\\bin\\Debug\\net8.0\\fine-code-coverage\\coverage-tool-output\\diagnostics.host.25-08-31_14-53-06_91758_5.log"}}
TpTrace Verbose: 0 : 16820, 7, 2025/08/31, 14:53:07.135, 11264254372962, vstest.console.dll, TestRunRequest:SendTestRunMessage: Starting.
TpTrace Verbose: 0 : 16820, 7, 2025/08/31, 14:53:07.135, 11264254374054, vstest.console.dll, MulticastDelegateUtilities.SafeInvoke: TestRun.LogMessages: Invoking callback 1/1 for Microsoft.VisualStudio.TestPlatform.CommandLine.TestRunResultAggregator., took 0 ms.
TpTrace Information: 0 : 16820, 7, 2025/08/31, 14:53:07.135, 11264254374281, vstest.console.dll, TestRunRequest:SendTestRunMessage: Completed.
TpTrace Verbose: 0 : 16820, 4, 2025/08/31, 14:53:07.135, 11264254374240, vstest.console.dll, MulticastDelegateUtilities.SafeInvoke: InternalTestLoggerEvents.SendTestRunMessage: Invoking callback 1/1 for Microsoft.VisualStudio.TestPlatform.CommandLine.Internal.ConsoleLogger., took 0 ms.
TpTrace Verbose: 0 : 16820, 7, 2025/08/31, 14:53:07.135, 11264254374477, vstest.console.dll, MulticastDelegateUtilities.SafeInvoke: LengthPrefixCommunicationChannel: MessageReceived: Invoking callback 1/1 for Microsoft.VisualStudio.TestPlatform.CommunicationUtilities.TestRequestSender+<>c__DisplayClass34_0., took 1 ms.
TpTrace Verbose: 0 : 16820, 7, 2025/08/31, 14:53:07.135, 11264254375659, vstest.console.dll, TcpClientExtensions.MessageLoopAsync: Polling on remoteEndPoint: 127.0.0.1:51787 localEndPoint: 127.0.0.1:51786 after 5 ms
TpTrace Verbose: 0 : 16820, 5, 2025/08/31, 14:53:07.136, 11264254382661, vstest.console.dll, TestRequestSender.StartTestRun: Sending test run with message: {"Version":7,"MessageType":"TestExecution.StartWithSources","Payload":{"AdapterSourceMap":{"_none_":["Z:\\Endava\\CarInsurance.Api 1\\CarsInsuranceApiTests\\bin\\Debug\\net8.0\\fine-code-coverage\\build-output\\CarsInsuranceApiTests.dll"]},"RunSettings":"<RunSettings>\r\n  <RunConfiguration>\r\n    <ResultsDirectory>Z:\\Endava\\CarInsurance.Api 1\\CarsInsuranceApiTests\\bin\\Debug\\net8.0\\fine-code-coverage\\coverage-tool-output</ResultsDirectory>\r\n    <TargetFrameworkVersion>.NETCoreApp,Version=v8.0</TargetFrameworkVersion>\r\n    <DesignMode>False</DesignMode>\r\n    <CollectSourceInformation>False</CollectSourceInformation>\r\n  </RunConfiguration>\r\n  <LoggerRunSettings>\r\n    <Loggers>\r\n      <Logger friendlyName=\"blame\" enabled=\"True\" />\r\n      <Logger friendlyName=\"Console\" uri=\"logger://microsoft/TestPlatform/ConsoleLogger/v1\" assemblyQualifiedName=\"Microsoft.VisualStudio.TestPlatform.CommandLine.Internal.ConsoleLogger, vstest.console, Version=15.0.0.0, Culture=neutral, PublicKeyToken=b03f5f7f11d50a3a\" codeBase=\"C:\\Program Files\\dotnet\\sdk\\8.0.200\\vstest.console.dll\" enabled=\"True\" />\r\n    </Loggers>\r\n  </LoggerRunSettings>\r\n  <DataCollectionRunSettings>\r\n    <DataCollectors>\r\n      <DataCollector friendlyName=\"blame\" enabled=\"True\">\r\n        <Configuration>\r\n          <ResultsDirectory>Z:\\Endava\\CarInsurance.Api 1\\CarsInsuranceApiTests\\bin\\Debug\\net8.0\\fine-code-coverage\\coverage-tool-output</ResultsDirectory>\r\n        </Configuration>\r\n      </DataCollector>\r\n    </DataCollectors>\r\n  </DataCollectionRunSettings>\r\n</RunSettings>","TestExecutionContext":{"FrequencyOfRunStatsChangeEvent":10,"RunStatsChangeEventTimeout":"00:00:01.5000000","InIsolation":false,"KeepAlive":false,"AreTestCaseLevelEventsRequired":false,"IsDebug":false,"TestCaseFilter":null,"FilterOptions":null},"Package":null}}
TpTrace Verbose: 0 : 16820, 5, 2025/08/31, 14:53:07.136, 11264254383914, vstest.console.dll, ParallelProxyExecutionManager.StartTestRunOnConcurrentManager: Execution started. Started clients: 1
TpTrace Verbose: 0 : 16820, 7, 2025/08/31, 14:53:07.242, 11264255444309, vstest.console.dll, TcpClientExtensions.MessageLoopAsync: NotifyDataAvailable remoteEndPoint: 127.0.0.1:51787 localEndPoint: 127.0.0.1:51786
TpTrace Verbose: 0 : 16820, 7, 2025/08/31, 14:53:07.243, 11264255445972, vstest.console.dll, TestRequestSender.OnExecutionMessageReceived: Received message: {"Version":7,"MessageType":"TestSession.Message","Payload":{"MessageLevel":0,"Message":"[xUnit.net 00:00:00.00] xUnit.net VSTest Adapter v2.5.3.1+6b60a9e56a (64-bit .NET 8.0.2)"}}
TpTrace Verbose: 0 : 16820, 7, 2025/08/31, 14:53:07.243, 11264255447712, vstest.console.dll, TestRunRequest:SendTestRunMessage: Starting.
TpTrace Verbose: 0 : 16820, 7, 2025/08/31, 14:53:07.243, 11264255448177, vstest.console.dll, MulticastDelegateUtilities.SafeInvoke: TestRun.LogMessages: Invoking callback 1/1 for Microsoft.VisualStudio.TestPlatform.CommandLine.TestRunResultAggregator., took 0 ms.
TpTrace Information: 0 : 16820, 7, 2025/08/31, 14:53:07.243, 11264255448365, vstest.console.dll, TestRunRequest:SendTestRunMessage: Completed.
TpTrace Verbose: 0 : 16820, 7, 2025/08/31, 14:53:07.243, 11264255448505, vstest.console.dll, MulticastDelegateUtilities.SafeInvoke: LengthPrefixCommunicationChannel: MessageReceived: Invoking callback 1/1 for Microsoft.VisualStudio.TestPlatform.CommunicationUtilities.TestRequestSender+<>c__DisplayClass34_0., took 0 ms.
TpTrace Verbose: 0 : 16820, 7, 2025/08/31, 14:53:07.243, 11264255448683, vstest.console.dll, TcpClientExtensions.MessageLoopAsync: Polling on remoteEndPoint: 127.0.0.1:51787 localEndPoint: 127.0.0.1:51786 after 107 ms
TpTrace Verbose: 0 : 16820, 4, 2025/08/31, 14:53:07.243, 11264255449531, vstest.console.dll, MulticastDelegateUtilities.SafeInvoke: InternalTestLoggerEvents.SendTestRunMessage: Invoking callback 1/1 for Microsoft.VisualStudio.TestPlatform.CommandLine.Internal.ConsoleLogger., took 0 ms.
TpTrace Verbose: 0 : 16820, 7, 2025/08/31, 14:53:07.299, 11264256010819, vstest.console.dll, TcpClientExtensions.MessageLoopAsync: NotifyDataAvailable remoteEndPoint: 127.0.0.1:51787 localEndPoint: 127.0.0.1:51786
TpTrace Verbose: 0 : 16820, 7, 2025/08/31, 14:53:07.299, 11264256012798, vstest.console.dll, TestRequestSender.OnExecutionMessageReceived: Received message: {"Version":7,"MessageType":"TestSession.Message","Payload":{"MessageLevel":0,"Message":"[xUnit.net 00:00:00.05]   Discovering: CarsInsuranceApiTests"}}
TpTrace Verbose: 0 : 16820, 7, 2025/08/31, 14:53:07.299, 11264256013750, vstest.console.dll, TestRunRequest:SendTestRunMessage: Starting.
TpTrace Verbose: 0 : 16820, 7, 2025/08/31, 14:53:07.299, 11264256014210, vstest.console.dll, MulticastDelegateUtilities.SafeInvoke: TestRun.LogMessages: Invoking callback 1/1 for Microsoft.VisualStudio.TestPlatform.CommandLine.TestRunResultAggregator., took 0 ms.
TpTrace Information: 0 : 16820, 7, 2025/08/31, 14:53:07.299, 11264256014405, vstest.console.dll, TestRunRequest:SendTestRunMessage: Completed.
TpTrace Verbose: 0 : 16820, 4, 2025/08/31, 14:53:07.299, 11264256014472, vstest.console.dll, MulticastDelegateUtilities.SafeInvoke: InternalTestLoggerEvents.SendTestRunMessage: Invoking callback 1/1 for Microsoft.VisualStudio.TestPlatform.CommandLine.Internal.ConsoleLogger., took 0 ms.
TpTrace Verbose: 0 : 16820, 7, 2025/08/31, 14:53:07.299, 11264256014562, vstest.console.dll, MulticastDelegateUtilities.SafeInvoke: LengthPrefixCommunicationChannel: MessageReceived: Invoking callback 1/1 for Microsoft.VisualStudio.TestPlatform.CommunicationUtilities.TestRequestSender+<>c__DisplayClass34_0., took 0 ms.
TpTrace Verbose: 0 : 16820, 7, 2025/08/31, 14:53:07.299, 11264256015335, vstest.console.dll, TcpClientExtensions.MessageLoopAsync: Polling on remoteEndPoint: 127.0.0.1:51787 localEndPoint: 127.0.0.1:51786 after 56 ms
TpTrace Verbose: 0 : 16820, 7, 2025/08/31, 14:53:07.329, 11264256313975, vstest.console.dll, TcpClientExtensions.MessageLoopAsync: NotifyDataAvailable remoteEndPoint: 127.0.0.1:51787 localEndPoint: 127.0.0.1:51786
TpTrace Verbose: 0 : 16820, 7, 2025/08/31, 14:53:07.331, 11264256327601, vstest.console.dll, TestRequestSender.OnExecutionMessageReceived: Received message: {"Version":7,"MessageType":"TestSession.Message","Payload":{"MessageLevel":0,"Message":"[xUnit.net 00:00:00.09]   Discovered:  CarsInsuranceApiTests"}}
TpTrace Verbose: 0 : 16820, 7, 2025/08/31, 14:53:07.331, 11264256328697, vstest.console.dll, TestRunRequest:SendTestRunMessage: Starting.
TpTrace Verbose: 0 : 16820, 7, 2025/08/31, 14:53:07.331, 11264256329172, vstest.console.dll, MulticastDelegateUtilities.SafeInvoke: TestRun.LogMessages: Invoking callback 1/1 for Microsoft.VisualStudio.TestPlatform.CommandLine.TestRunResultAggregator., took 0 ms.
TpTrace Information: 0 : 16820, 7, 2025/08/31, 14:53:07.331, 11264256329380, vstest.console.dll, TestRunRequest:SendTestRunMessage: Completed.
TpTrace Verbose: 0 : 16820, 7, 2025/08/31, 14:53:07.331, 11264256329556, vstest.console.dll, MulticastDelegateUtilities.SafeInvoke: LengthPrefixCommunicationChannel: MessageReceived: Invoking callback 1/1 for Microsoft.VisualStudio.TestPlatform.CommunicationUtilities.TestRequestSender+<>c__DisplayClass34_0., took 0 ms.
TpTrace Verbose: 0 : 16820, 7, 2025/08/31, 14:53:07.331, 11264256329735, vstest.console.dll, TcpClientExtensions.MessageLoopAsync: Polling on remoteEndPoint: 127.0.0.1:51787 localEndPoint: 127.0.0.1:51786 after 31 ms
TpTrace Verbose: 0 : 16820, 4, 2025/08/31, 14:53:07.331, 11264256330998, vstest.console.dll, MulticastDelegateUtilities.SafeInvoke: InternalTestLoggerEvents.SendTestRunMessage: Invoking callback 1/1 for Microsoft.VisualStudio.TestPlatform.CommandLine.Internal.ConsoleLogger., took 0 ms.
TpTrace Verbose: 0 : 16820, 7, 2025/08/31, 14:53:07.331, 11264256333399, vstest.console.dll, TcpClientExtensions.MessageLoopAsync: NotifyDataAvailable remoteEndPoint: 127.0.0.1:51787 localEndPoint: 127.0.0.1:51786
TpTrace Verbose: 0 : 16820, 7, 2025/08/31, 14:53:07.331, 11264256334380, vstest.console.dll, TestRequestSender.OnExecutionMessageReceived: Received message: {"Version":7,"MessageType":"TestSession.Message","Payload":{"MessageLevel":0,"Message":"[xUnit.net 00:00:00.09]   Starting:    CarsInsuranceApiTests"}}
TpTrace Verbose: 0 : 16820, 7, 2025/08/31, 14:53:07.331, 11264256334968, vstest.console.dll, TestRunRequest:SendTestRunMessage: Starting.
TpTrace Verbose: 0 : 16820, 7, 2025/08/31, 14:53:07.331, 11264256335311, vstest.console.dll, MulticastDelegateUtilities.SafeInvoke: TestRun.LogMessages: Invoking callback 1/1 for Microsoft.VisualStudio.TestPlatform.CommandLine.TestRunResultAggregator., took 0 ms.
TpTrace Information: 0 : 16820, 7, 2025/08/31, 14:53:07.331, 11264256335545, vstest.console.dll, TestRunRequest:SendTestRunMessage: Completed.
TpTrace Verbose: 0 : 16820, 7, 2025/08/31, 14:53:07.331, 11264256335712, vstest.console.dll, MulticastDelegateUtilities.SafeInvoke: LengthPrefixCommunicationChannel: MessageReceived: Invoking callback 1/1 for Microsoft.VisualStudio.TestPlatform.CommunicationUtilities.TestRequestSender+<>c__DisplayClass34_0., took 0 ms.
TpTrace Verbose: 0 : 16820, 7, 2025/08/31, 14:53:07.332, 11264256335889, vstest.console.dll, TcpClientExtensions.MessageLoopAsync: Polling on remoteEndPoint: 127.0.0.1:51787 localEndPoint: 127.0.0.1:51786 after 0 ms
TpTrace Verbose: 0 : 16820, 4, 2025/08/31, 14:53:07.332, 11264256336628, vstest.console.dll, MulticastDelegateUtilities.SafeInvoke: InternalTestLoggerEvents.SendTestRunMessage: Invoking callback 1/1 for Microsoft.VisualStudio.TestPlatform.CommandLine.Internal.ConsoleLogger., took 0 ms.
TpTrace Verbose: 0 : 16820, 7, 2025/08/31, 14:53:08.343, 11264266449409, vstest.console.dll, TcpClientExtensions.MessageLoopAsync: Polling on remoteEndPoint: 127.0.0.1:51787 localEndPoint: 127.0.0.1:51786 after 1011 ms
TpTrace Verbose: 0 : 16820, 7, 2025/08/31, 14:53:08.480, 11264267816052, vstest.console.dll, TcpClientExtensions.MessageLoopAsync: NotifyDataAvailable remoteEndPoint: 127.0.0.1:51787 localEndPoint: 127.0.0.1:51786
TpTrace Verbose: 0 : 16820, 7, 2025/08/31, 14:53:08.480, 11264267818947, vstest.console.dll, TestRequestSender.OnExecutionMessageReceived: Received message: {"Version":7,"MessageType":"TestExecution.StatsChange","Payload":{"NewTestResults":[{"TestCase":{"Id":"a18dae2c-cb62-0492-b7c8-1125e414d63a","FullyQualifiedName":"CarsInsuranceApiTests.UnitTest1.Test1","DisplayName":"CarsInsuranceApiTests.UnitTest1.Test1","ExecutorUri":"executor://xunit/VsTestRunner2/netcoreapp","Source":"Z:\\Endava\\CarInsurance.Api 1\\CarsInsuranceApiTests\\bin\\Debug\\net8.0\\fine-code-coverage\\build-output\\CarsInsuranceApiTests.dll","CodeFilePath":null,"LineNumber":0,"Properties":[]},"Attachments":[],"Outcome":1,"ErrorMessage":null,"ErrorStackTrace":null,"DisplayName":"CarsInsuranceApiTests.UnitTest1.Test1","Messages":[],"ComputerName":"DESKTOP-J4EKKM8","Duration":"00:00:00.0027172","StartTime":"2025-08-31T12:53:07.4007959+00:00","EndTime":"2025-08-31T12:53:07.4008095+00:00","Properties":[]},{"TestCase":{"Id":"d4f9c2b7-d014-ae47-6f2f-a1d861514e53","FullyQualifiedName":"CarInsurance.Api.CarInsurance.Api.Tests.CarServiceTests.CreatePolicyAsync_Should_Persist_WhenValid","DisplayName":"CarInsurance.Api.CarInsurance.Api.Tests.CarServiceTests.CreatePolicyAsync_Should_Persist_WhenValid","ExecutorUri":"executor://xunit/VsTestRunner2/netcoreapp","Source":"Z:\\Endava\\CarInsurance.Api 1\\CarsInsuranceApiTests\\bin\\Debug\\net8.0\\fine-code-coverage\\build-output\\CarsInsuranceApiTests.dll","CodeFilePath":null,"LineNumber":0,"Properties":[]},"Attachments":[],"Outcome":1,"ErrorMessage":null,"ErrorStackTrace":null,"DisplayName":"CarInsurance.Api.CarInsurance.Api.Tests.CarServiceTests.CreatePolicyAsync_Should_Persist_WhenValid","Messages":[],"ComputerName":"DESKTOP-J4EKKM8","Duration":"00:00:00.9793256","StartTime":"2025-08-31T12:53:08.3621197+00:00","EndTime":"2025-08-31T12:53:08.3621203+00:00","Properties":[]},{"TestCase":{"Id":"2fcdacab-8af2-08ee-fe86-4cb9db50ad65","FullyQualifiedName":"CarInsurance.Api.Tests.PolicyExpirationProcessorTests.ProcessOnceAsync_AlreadyProcessed_ReturnsZero_NoWarning","DisplayName":"CarInsurance.Api.Tests.PolicyExpirationProcessorTests.ProcessOnceAsync_AlreadyProcessed_ReturnsZero_NoWarning","ExecutorUri":"executor://xunit/VsTestRunner2/netcoreapp","Source":"Z:\\Endava\\CarInsurance.Api 1\\CarsInsuranceApiTests\\bin\\Debug\\net8.0\\fine-code-coverage\\build-output\\CarsInsuranceApiTests.dll","CodeFilePath":null,"LineNumber":0,"Properties":[]},"Attachments":[],"Outcome":1,"ErrorMessage":null,"ErrorStackTrace":null,"DisplayName":"CarInsurance.Api.Tests.PolicyExpirationProcessorTests.ProcessOnceAsync_AlreadyProcessed_ReturnsZero_NoWarning","Messages":[],"ComputerName":"DESKTOP-J4EKKM8","Duration":"00:00:01.0173104","StartTime":"2025-08-31T12:53:08.3965354+00:00","EndTime":"2025-08-31T12:53:08.3965355+00:00","Properties":[]},{"TestCase":{"Id":"01cea845-1ec1-4ddf-b323-1fa6e859f965","FullyQualifiedName":"CarInsurance.Api.Tests.PolicyExpirationProcessorTests.ProcessOnceAsync_NoExpiredPolicies_ReturnsZero","DisplayName":"CarInsurance.Api.Tests.PolicyExpirationProcessorTests.ProcessOnceAsync_NoExpiredPolicies_ReturnsZero","ExecutorUri":"executor://xunit/VsTestRunner2/netcoreapp","Source":"Z:\\Endava\\CarInsurance.Api 1\\CarsInsuranceApiTests\\bin\\Debug\\net8.0\\fine-code-coverage\\build-output\\CarsInsuranceApiTests.dll","CodeFilePath":null,"LineNumber":0,"Properties":[]},"Attachments":[],"Outcome":1,"ErrorMessage":null,"ErrorStackTrace":null,"DisplayName":"CarInsurance.Api.Tests.PolicyExpirationProcessorTests.ProcessOnceAsync_NoExpiredPolicies_ReturnsZero","Messages":[],"ComputerName":"DESKTOP-J4EKKM8","Duration":"00:00:00.0213924","StartTime":"2025-08-31T12:53:08.4182204+00:00","EndTime":"2025-08-31T12:53:08.4182205+00:00","Properties":[]},{"TestCase":{"Id":"ed69842b-5d57-2b16-37c2-b42be332f701","FullyQualifiedName":"CarInsurance.Api.CarInsurance.Api.Tests.CarServiceTests.CreateClaimAsync_Should_ReturnNull_WhenDescriptionEmpty","DisplayName":"CarInsurance.Api.CarInsurance.Api.Tests.CarServiceTests.CreateClaimAsync_Should_ReturnNull_WhenDescriptionEmpty","ExecutorUri":"executor://xunit/VsTestRunner2/netcoreapp","Source":"Z:\\Endava\\CarInsurance.Api 1\\CarsInsuranceApiTests\\bin\\Debug\\net8.0\\fine-code-coverage\\build-output\\CarsInsuranceApiTests.dll","CodeFilePath":null,"LineNumber":0,"Properties":[]},"Attachments":[],"Outcome":1,"ErrorMessage":null,"ErrorStackTrace":null,"DisplayName":"CarInsurance.Api.CarInsurance.Api.Tests.CarServiceTests.CreateClaimAsync_Should_ReturnNull_WhenDescriptionEmpty","Messages":[],"ComputerName":"DESKTOP-J4EKKM8","Duration":"00:00:00.0644589","StartTime":"2025-08-31T12:53:08.4265991+00:00","EndTime":"2025-08-31T12:53:08.4265993+00:00","Properties":[]},{"TestCase":{"Id":"273a97a0-2eeb-fb70-1d64-cc40586d4d1c","FullyQualifiedName":"CarInsurance.Api.Tests.PolicyExpirationProcessorTests.ProcessOnceAsync_ExpiredPolicyAlreadyProcessed_DoesNotAddDuplicate","DisplayName":"CarInsurance.Api.Tests.PolicyExpirationProcessorTests.ProcessOnceAsync_ExpiredPolicyAlreadyProcessed_DoesNotAddDuplicate","ExecutorUri":"executor://xunit/VsTestRunner2/netcoreapp","Source":"Z:\\Endava\\CarInsurance.Api 1\\CarsInsuranceApiTests\\bin\\Debug\\net8.0\\fine-code-coverage\\build-output\\CarsInsuranceApiTests.dll","CodeFilePath":null,"LineNumber":0,"Properties":[]},"Attachments":[],"Outcome":1,"ErrorMessage":null,"ErrorStackTrace":null,"DisplayName":"CarInsurance.Api.Tests.PolicyExpirationProcessorTests.ProcessOnceAsync_ExpiredPolicyAlreadyProcessed_DoesNotAddDuplicate","Messages":[],"ComputerName":"DESKTOP-J4EKKM8","Duration":"00:00:00.0120739","StartTime":"2025-08-31T12:53:08.4302184+00:00","EndTime":"2025-08-31T12:53:08.4302186+00:00","Properties":[]},{"TestCase":{"Id":"4f87117f-6254-bd22-cd7a-acc55723f848","FullyQualifiedName":"CarInsurance.Api.CarInsurance.Api.Tests.CarServiceTests.IsInsuranceValidAsync_Should_BeTrue_WhenDateInsidePolicy","DisplayName":"CarInsurance.Api.CarInsurance.Api.Tests.CarServiceTests.IsInsuranceValidAsync_Should_BeTrue_WhenDateInsidePolicy","ExecutorUri":"executor://xunit/VsTestRunner2/netcoreapp","Source":"Z:\\Endava\\CarInsurance.Api 1\\CarsInsuranceApiTests\\bin\\Debug\\net8.0\\fine-code-coverage\\build-output\\CarsInsuranceApiTests.dll","CodeFilePath":null,"LineNumber":0,"Properties":[]},"Attachments":[],"Outcome":1,"ErrorMessage":null,"ErrorStackTrace":null,"DisplayName":"CarInsurance.Api.CarInsurance.Api.Tests.CarServiceTests.IsInsuranceValidAsync_Should_BeTrue_WhenDateInsidePolicy","Messages":[],"ComputerName":"DESKTOP-J4EKKM8","Duration":"00:00:00.0081549","StartTime":"2025-08-31T12:53:08.4347916+00:00","EndTime":"2025-08-31T12:53:08.4347918+00:00","Properties":[]},{"TestCase":{"Id":"c615131e-4237-724a-e7bd-500ccef74e2a","FullyQualifiedName":"CarInsurance.Api.Tests.PolicyExpirationProcessorTests.ProcessOnceAsync_OneExpiredPolicy_AddsExpirationEntryAndLogs","DisplayName":"CarInsurance.Api.Tests.PolicyExpirationProcessorTests.ProcessOnceAsync_OneExpiredPolicy_AddsExpirationEntryAndLogs","ExecutorUri":"executor://xunit/VsTestRunner2/netcoreapp","Source":"Z:\\Endava\\CarInsurance.Api 1\\CarsInsuranceApiTests\\bin\\Debug\\net8.0\\fine-code-coverage\\build-output\\CarsInsuranceApiTests.dll","CodeFilePath":null,"LineNumber":0,"Properties":[]},"Attachments":[],"Outcome":1,"ErrorMessage":null,"ErrorStackTrace":null,"DisplayName":"CarInsurance.Api.Tests.PolicyExpirationProcessorTests.ProcessOnceAsync_OneExpiredPolicy_AddsExpirationEntryAndLogs","Messages":[],"ComputerName":"DESKTOP-J4EKKM8","Duration":"00:00:00.0254541","StartTime":"2025-08-31T12:53:08.4557596+00:00","EndTime":"2025-08-31T12:53:08.4557597+00:00","Properties":[]}],"TestRunStatistics":{"ExecutedTests":8,"Stats":{"Passed":8}},"ActiveTests":[{"Id":"bbc58cec-a2b6-721f-7950-739ccea04462","FullyQualifiedName":"CarInsurance.Api.CarInsurance.Api.Tests.CarServiceTests.GetHistory_Should_ReturnPoliciesAndClaims_InChronologicalOrder","DisplayName":"CarInsurance.Api.CarInsurance.Api.Tests.CarServiceTests.GetHistory_Should_ReturnPoliciesAndClaims_InChronologicalOrder","ExecutorUri":"executor://xunit/VsTestRunner2/netcoreapp","Source":"Z:\\Endava\\CarInsurance.Api 1\\CarsInsuranceApiTests\\bin\\Debug\\net8.0\\fine-code-coverage\\build-output\\CarsInsuranceApiTests.dll","CodeFilePath":null,"LineNumber":0,"Properties":[]},{"Id":"c241318e-33fc-89b4-9b5f-6471129aeedc","FullyQualifiedName":"CarInsurance.Api.Tests.PolicyExpirationProcessorTests.ProcessOnceAsync_MultipleExpiredPolicies_ProcessesAll","DisplayName":"CarInsurance.Api.Tests.PolicyExpirationProcessorTests.ProcessOnceAsync_MultipleExpiredPolicies_ProcessesAll","ExecutorUri":"executor://xunit/VsTestRunner2/netcoreapp","Source":"Z:\\Endava\\CarInsurance.Api 1\\CarsInsuranceApiTests\\bin\\Debug\\net8.0\\fine-code-coverage\\build-output\\CarsInsuranceApiTests.dll","CodeFilePath":null,"LineNumber":0,"Properties":[]}]}}
TpTrace Verbose: 0 : 16820, 7, 2025/08/31, 14:53:08.495, 11264267973071, vstest.console.dll, TestRunRequest:SendTestRunStatsChange: Starting.
TpTrace Verbose: 0 : 16820, 7, 2025/08/31, 14:53:08.495, 11264267974528, vstest.console.dll, InProgress is CarInsurance.Api.CarInsurance.Api.Tests.CarServiceTests.GetHistory_Should_ReturnPoliciesAndClaims_InChronologicalOrder
TpTrace Verbose: 0 : 16820, 7, 2025/08/31, 14:53:08.495, 11264267974884, vstest.console.dll, InProgress is CarInsurance.Api.Tests.PolicyExpirationProcessorTests.ProcessOnceAsync_MultipleExpiredPolicies_ProcessesAll
TpTrace Verbose: 0 : 16820, 7, 2025/08/31, 14:53:08.496, 11264267976417, vstest.console.dll, MulticastDelegateUtilities.SafeInvoke: TestRun.RunStatsChanged: Invoking callbacks was skipped because there are no subscribers.
TpTrace Information: 0 : 16820, 7, 2025/08/31, 14:53:08.496, 11264267976745, vstest.console.dll, TestRunRequest:SendTestRunStatsChange: Completed.
TpTrace Verbose: 0 : 16820, 7, 2025/08/31, 14:53:08.496, 11264267976973, vstest.console.dll, MulticastDelegateUtilities.SafeInvoke: LengthPrefixCommunicationChannel: MessageReceived: Invoking callback 1/1 for Microsoft.VisualStudio.TestPlatform.CommunicationUtilities.TestRequestSender+<>c__DisplayClass34_0., took 15 ms.
TpTrace Verbose: 0 : 16820, 7, 2025/08/31, 14:53:08.496, 11264267977249, vstest.console.dll, TcpClientExtensions.MessageLoopAsync: Polling on remoteEndPoint: 127.0.0.1:51787 localEndPoint: 127.0.0.1:51786 after 152 ms
TpTrace Verbose: 0 : 16820, 4, 2025/08/31, 14:53:08.498, 11264267998768, vstest.console.dll, MulticastDelegateUtilities.SafeInvoke: InternalTestLoggerEvents.SendTestResult: Invoking callback 1/1 for Microsoft.VisualStudio.TestPlatform.CommandLine.Internal.ConsoleLogger., took 2 ms.
TpTrace Verbose: 0 : 16820, 4, 2025/08/31, 14:53:08.498, 11264268001612, vstest.console.dll, MulticastDelegateUtilities.SafeInvoke: InternalTestLoggerEvents.SendTestResult: Invoking callback 1/1 for Microsoft.VisualStudio.TestPlatform.CommandLine.Internal.ConsoleLogger., took 0 ms.
TpTrace Verbose: 0 : 16820, 4, 2025/08/31, 14:53:08.498, 11264268002207, vstest.console.dll, MulticastDelegateUtilities.SafeInvoke: InternalTestLoggerEvents.SendTestResult: Invoking callback 1/1 for Microsoft.VisualStudio.TestPlatform.CommandLine.Internal.ConsoleLogger., took 0 ms.
TpTrace Verbose: 0 : 16820, 4, 2025/08/31, 14:53:08.498, 11264268002604, vstest.console.dll, MulticastDelegateUtilities.SafeInvoke: InternalTestLoggerEvents.SendTestResult: Invoking callback 1/1 for Microsoft.VisualStudio.TestPlatform.CommandLine.Internal.ConsoleLogger., took 0 ms.
TpTrace Verbose: 0 : 16820, 4, 2025/08/31, 14:53:08.498, 11264268003051, vstest.console.dll, MulticastDelegateUtilities.SafeInvoke: InternalTestLoggerEvents.SendTestResult: Invoking callback 1/1 for Microsoft.VisualStudio.TestPlatform.CommandLine.Internal.ConsoleLogger., took 0 ms.
TpTrace Verbose: 0 : 16820, 4, 2025/08/31, 14:53:08.498, 11264268003330, vstest.console.dll, MulticastDelegateUtilities.SafeInvoke: InternalTestLoggerEvents.SendTestResult: Invoking callback 1/1 for Microsoft.VisualStudio.TestPlatform.CommandLine.Internal.ConsoleLogger., took 0 ms.
TpTrace Verbose: 0 : 16820, 4, 2025/08/31, 14:53:08.498, 11264268003521, vstest.console.dll, MulticastDelegateUtilities.SafeInvoke: InternalTestLoggerEvents.SendTestResult: Invoking callback 1/1 for Microsoft.VisualStudio.TestPlatform.CommandLine.Internal.ConsoleLogger., took 0 ms.
TpTrace Verbose: 0 : 16820, 4, 2025/08/31, 14:53:08.498, 11264268003746, vstest.console.dll, MulticastDelegateUtilities.SafeInvoke: InternalTestLoggerEvents.SendTestResult: Invoking callback 1/1 for Microsoft.VisualStudio.TestPlatform.CommandLine.Internal.ConsoleLogger., took 0 ms.
TpTrace Verbose: 0 : 16820, 7, 2025/08/31, 14:53:08.537, 11264268392264, vstest.console.dll, TcpClientExtensions.MessageLoopAsync: NotifyDataAvailable remoteEndPoint: 127.0.0.1:51787 localEndPoint: 127.0.0.1:51786
TpTrace Verbose: 0 : 16820, 7, 2025/08/31, 14:53:08.537, 11264268394648, vstest.console.dll, TestRequestSender.OnExecutionMessageReceived: Received message: {"Version":7,"MessageType":"TestExecution.StatsChange","Payload":{"NewTestResults":[{"TestCase":{"Id":"bbc58cec-a2b6-721f-7950-739ccea04462","FullyQualifiedName":"CarInsurance.Api.CarInsurance.Api.Tests.CarServiceTests.GetHistory_Should_ReturnPoliciesAndClaims_InChronologicalOrder","DisplayName":"CarInsurance.Api.CarInsurance.Api.Tests.CarServiceTests.GetHistory_Should_ReturnPoliciesAndClaims_InChronologicalOrder","ExecutorUri":"executor://xunit/VsTestRunner2/netcoreapp","Source":"Z:\\Endava\\CarInsurance.Api 1\\CarsInsuranceApiTests\\bin\\Debug\\net8.0\\fine-code-coverage\\build-output\\CarsInsuranceApiTests.dll","CodeFilePath":null,"LineNumber":0,"Properties":[]},"Attachments":[],"Outcome":1,"ErrorMessage":null,"ErrorStackTrace":null,"DisplayName":"CarInsurance.Api.CarInsurance.Api.Tests.CarServiceTests.GetHistory_Should_ReturnPoliciesAndClaims_InChronologicalOrder","Messages":[],"ComputerName":"DESKTOP-J4EKKM8","Duration":"00:00:00.0372373","StartTime":"2025-08-31T12:53:08.4813457+00:00","EndTime":"2025-08-31T12:53:08.4813457+00:00","Properties":[]},{"TestCase":{"Id":"86861f4f-f9b5-021f-fb68-8f9221bc8305","FullyQualifiedName":"CarInsurance.Api.CarInsurance.Api.Tests.CarServiceTests.CreatePolicyAsync_Should_Throw_WhenOverlapsExisting","DisplayName":"CarInsurance.Api.CarInsurance.Api.Tests.CarServiceTests.CreatePolicyAsync_Should_Throw_WhenOverlapsExisting","ExecutorUri":"executor://xunit/VsTestRunner2/netcoreapp","Source":"Z:\\Endava\\CarInsurance.Api 1\\CarsInsuranceApiTests\\bin\\Debug\\net8.0\\fine-code-coverage\\build-output\\CarsInsuranceApiTests.dll","CodeFilePath":null,"LineNumber":0,"Properties":[]},"Attachments":[],"Outcome":1,"ErrorMessage":null,"ErrorStackTrace":null,"DisplayName":"CarInsurance.Api.CarInsurance.Api.Tests.CarServiceTests.CreatePolicyAsync_Should_Throw_WhenOverlapsExisting","Messages":[],"ComputerName":"DESKTOP-J4EKKM8","Duration":"00:00:00.0076766","StartTime":"2025-08-31T12:53:08.4833511+00:00","EndTime":"2025-08-31T12:53:08.4833512+00:00","Properties":[]},{"TestCase":{"Id":"c241318e-33fc-89b4-9b5f-6471129aeedc","FullyQualifiedName":"CarInsurance.Api.Tests.PolicyExpirationProcessorTests.ProcessOnceAsync_MultipleExpiredPolicies_ProcessesAll","DisplayName":"CarInsurance.Api.Tests.PolicyExpirationProcessorTests.ProcessOnceAsync_MultipleExpiredPolicies_ProcessesAll","ExecutorUri":"executor://xunit/VsTestRunner2/netcoreapp","Source":"Z:\\Endava\\CarInsurance.Api 1\\CarsInsuranceApiTests\\bin\\Debug\\net8.0\\fine-code-coverage\\build-output\\CarsInsuranceApiTests.dll","CodeFilePath":null,"LineNumber":0,"Properties":[]},"Attachments":[],"Outcome":1,"ErrorMessage":null,"ErrorStackTrace":null,"DisplayName":"CarInsurance.Api.Tests.PolicyExpirationProcessorTests.ProcessOnceAsync_MultipleExpiredPolicies_ProcessesAll","Messages":[],"ComputerName":"DESKTOP-J4EKKM8","Duration":"00:00:00.0245887","StartTime":"2025-08-31T12:53:08.485212+00:00","EndTime":"2025-08-31T12:53:08.4852121+00:00","Properties":[]},{"TestCase":{"Id":"af96a713-988f-bdeb-b994-3503765f25de","FullyQualifiedName":"CarInsurance.Api.CarInsurance.Api.Tests.CarServiceTests.CreateCar_Should_Throw_WhenVinIsEmpty","DisplayName":"CarInsurance.Api.CarInsurance.Api.Tests.CarServiceTests.CreateCar_Should_Throw_WhenVinIsEmpty","ExecutorUri":"executor://xunit/VsTestRunner2/netcoreapp","Source":"Z:\\Endava\\CarInsurance.Api 1\\CarsInsuranceApiTests\\bin\\Debug\\net8.0\\fine-code-coverage\\build-output\\CarsInsuranceApiTests.dll","CodeFilePath":null,"LineNumber":0,"Properties":[]},"Attachments":[],"Outcome":1,"ErrorMessage":null,"ErrorStackTrace":null,"DisplayName":"CarInsurance.Api.CarInsurance.Api.Tests.CarServiceTests.CreateCar_Should_Throw_WhenVinIsEmpty","Messages":[],"ComputerName":"DESKTOP-J4EKKM8","Duration":"00:00:00.0122722","StartTime":"2025-08-31T12:53:08.4922278+00:00","EndTime":"2025-08-31T12:53:08.492228+00:00","Properties":[]},{"TestCase":{"Id":"571ff97a-167d-1c03-4370-444e720a6cd6","FullyQualifiedName":"CarInsurance.Api.CarInsurance.Api.Tests.CarServiceTests.CreateClaimAsync_Should_ReturnNull_WhenDateInvalid","DisplayName":"CarInsurance.Api.CarInsurance.Api.Tests.CarServiceTests.CreateClaimAsync_Should_ReturnNull_WhenDateInvalid","ExecutorUri":"executor://xunit/VsTestRunner2/netcoreapp","Source":"Z:\\Endava\\CarInsurance.Api 1\\CarsInsuranceApiTests\\bin\\Debug\\net8.0\\fine-code-coverage\\build-output\\CarsInsuranceApiTests.dll","CodeFilePath":null,"LineNumber":0,"Properties":[]},"Attachments":[],"Outcome":1,"ErrorMessage":null,"ErrorStackTrace":null,"DisplayName":"CarInsurance.Api.CarInsurance.Api.Tests.CarServiceTests.CreateClaimAsync_Should_ReturnNull_WhenDateInvalid","Messages":[],"ComputerName":"DESKTOP-J4EKKM8","Duration":"00:00:00.0058500","StartTime":"2025-08-31T12:53:08.4982402+00:00","EndTime":"2025-08-31T12:53:08.4982404+00:00","Properties":[]},{"TestCase":{"Id":"40a1adf1-6afe-e6ec-2ed9-902245fe025f","FullyQualifiedName":"CarInsurance.Api.CarInsurance.Api.Tests.CarServiceTests.CreateClaimAsync_Should_ReturnNull_WhenAmountNonPositive","DisplayName":"CarInsurance.Api.CarInsurance.Api.Tests.CarServiceTests.CreateClaimAsync_Should_ReturnNull_WhenAmountNonPositive","ExecutorUri":"executor://xunit/VsTestRunner2/netcoreapp","Source":"Z:\\Endava\\CarInsurance.Api 1\\CarsInsuranceApiTests\\bin\\Debug\\net8.0\\fine-code-coverage\\build-output\\CarsInsuranceApiTests.dll","CodeFilePath":null,"LineNumber":0,"Properties":[]},"Attachments":[],"Outcome":1,"ErrorMessage":null,"ErrorStackTrace":null,"DisplayName":"CarInsurance.Api.CarInsurance.Api.Tests.CarServiceTests.CreateClaimAsync_Should_ReturnNull_WhenAmountNonPositive","Messages":[],"ComputerName":"DESKTOP-J4EKKM8","Duration":"00:00:00.0053480","StartTime":"2025-08-31T12:53:08.503584+00:00","EndTime":"2025-08-31T12:53:08.5035841+00:00","Properties":[]},{"TestCase":{"Id":"a8ed994e-45bb-587a-b605-055160ec60f0","FullyQualifiedName":"CarInsurance.Api.CarInsurance.Api.Tests.CarServiceTests.CreateCar_Should_Throw_WhenYearInvalidOrTooFuture","DisplayName":"CarInsurance.Api.CarInsurance.Api.Tests.CarServiceTests.CreateCar_Should_Throw_WhenYearInvalidOrTooFuture","ExecutorUri":"executor://xunit/VsTestRunner2/netcoreapp","Source":"Z:\\Endava\\CarInsurance.Api 1\\CarsInsuranceApiTests\\bin\\Debug\\net8.0\\fine-code-coverage\\build-output\\CarsInsuranceApiTests.dll","CodeFilePath":null,"LineNumber":0,"Properties":[]},"Attachments":[],"Outcome":1,"ErrorMessage":null,"ErrorStackTrace":null,"DisplayName":"CarInsurance.Api.CarInsurance.Api.Tests.CarServiceTests.CreateCar_Should_Throw_WhenYearInvalidOrTooFuture","Messages":[],"ComputerName":"DESKTOP-J4EKKM8","Duration":"00:00:00.0165693","StartTime":"2025-08-31T12:53:08.5202475+00:00","EndTime":"2025-08-31T12:53:08.5202477+00:00","Properties":[]},{"TestCase":{"Id":"aad1ecd0-529a-b2c2-42c6-fe67f261bc44","FullyQualifiedName":"CarInsurance.Api.CarInsurance.Api.Tests.CarServiceTests.CreateClaimAsync_Should_Persist_WhenPayloadValid","DisplayName":"CarInsurance.Api.CarInsurance.Api.Tests.CarServiceTests.CreateClaimAsync_Should_Persist_WhenPayloadValid","ExecutorUri":"executor://xunit/VsTestRunner2/netcoreapp","Source":"Z:\\Endava\\CarInsurance.Api 1\\CarsInsuranceApiTests\\bin\\Debug\\net8.0\\fine-code-coverage\\build-output\\CarsInsuranceApiTests.dll","CodeFilePath":null,"LineNumber":0,"Properties":[]},"Attachments":[],"Outcome":1,"ErrorMessage":null,"ErrorStackTrace":null,"DisplayName":"CarInsurance.Api.CarInsurance.Api.Tests.CarServiceTests.CreateClaimAsync_Should_Persist_WhenPayloadValid","Messages":[],"ComputerName":"DESKTOP-J4EKKM8","Duration":"00:00:00.0089855","StartTime":"2025-08-31T12:53:08.5293923+00:00","EndTime":"2025-08-31T12:53:08.5293926+00:00","Properties":[]},{"TestCase":{"Id":"87bb70c0-05d8-aca9-8f29-f94a273fb0fb","FullyQualifiedName":"CarInsurance.Api.CarInsurance.Api.Tests.CarServiceTests.CreatePolicyAsync_Should_Throw_WhenEndBeforeStart","DisplayName":"CarInsurance.Api.CarInsurance.Api.Tests.CarServiceTests.CreatePolicyAsync_Should_Throw_WhenEndBeforeStart","ExecutorUri":"executor://xunit/VsTestRunner2/netcoreapp","Source":"Z:\\Endava\\CarInsurance.Api 1\\CarsInsuranceApiTests\\bin\\Debug\\net8.0\\fine-code-coverage\\build-output\\CarsInsuranceApiTests.dll","CodeFilePath":null,"LineNumber":0,"Properties":[]},"Attachments":[],"Outcome":1,"ErrorMessage":null,"ErrorStackTrace":null,"DisplayName":"CarInsurance.Api.CarInsurance.Api.Tests.CarServiceTests.CreatePolicyAsync_Should_Throw_WhenEndBeforeStart","Messages":[],"ComputerName":"DESKTOP-J4EKKM8","Duration":"00:00:00.0053248","StartTime":"2025-08-31T12:53:08.5347564+00:00","EndTime":"2025-08-31T12:53:08.5347565+00:00","Properties":[]}],"TestRunStatistics":{"ExecutedTests":17,"Stats":{"Passed":17}},"ActiveTests":[{"Id":"b69da886-e033-9776-6303-325cd5670a27","FullyQualifiedName":"CarInsurance.Api.CarInsurance.Api.Tests.CarServiceTests.ListCarsAsync_Should_ReturnOwnerFields_ForEachCar","DisplayName":"CarInsurance.Api.CarInsurance.Api.Tests.CarServiceTests.ListCarsAsync_Should_ReturnOwnerFields_ForEachCar","ExecutorUri":"executor://xunit/VsTestRunner2/netcoreapp","Source":"Z:\\Endava\\CarInsurance.Api 1\\CarsInsuranceApiTests\\bin\\Debug\\net8.0\\fine-code-coverage\\build-output\\CarsInsuranceApiTests.dll","CodeFilePath":null,"LineNumber":0,"Properties":[]}]}}
TpTrace Verbose: 0 : 16820, 7, 2025/08/31, 14:53:08.538, 11264268404696, vstest.console.dll, TestRunRequest:SendTestRunStatsChange: Starting.
TpTrace Verbose: 0 : 16820, 7, 2025/08/31, 14:53:08.538, 11264268405344, vstest.console.dll, InProgress is CarInsurance.Api.CarInsurance.Api.Tests.CarServiceTests.ListCarsAsync_Should_ReturnOwnerFields_ForEachCar
TpTrace Verbose: 0 : 16820, 7, 2025/08/31, 14:53:08.539, 11264268405944, vstest.console.dll, MulticastDelegateUtilities.SafeInvoke: TestRun.RunStatsChanged: Invoking callbacks was skipped because there are no subscribers.
TpTrace Information: 0 : 16820, 7, 2025/08/31, 14:53:08.539, 11264268406151, vstest.console.dll, TestRunRequest:SendTestRunStatsChange: Completed.
TpTrace Verbose: 0 : 16820, 7, 2025/08/31, 14:53:08.539, 11264268406340, vstest.console.dll, MulticastDelegateUtilities.SafeInvoke: LengthPrefixCommunicationChannel: MessageReceived: Invoking callback 1/1 for Microsoft.VisualStudio.TestPlatform.CommunicationUtilities.TestRequestSender+<>c__DisplayClass34_0., took 1 ms.
TpTrace Verbose: 0 : 16820, 7, 2025/08/31, 14:53:08.539, 11264268406606, vstest.console.dll, TcpClientExtensions.MessageLoopAsync: Polling on remoteEndPoint: 127.0.0.1:51787 localEndPoint: 127.0.0.1:51786 after 42 ms
TpTrace Verbose: 0 : 16820, 4, 2025/08/31, 14:53:08.539, 11264268408756, vstest.console.dll, MulticastDelegateUtilities.SafeInvoke: InternalTestLoggerEvents.SendTestResult: Invoking callback 1/1 for Microsoft.VisualStudio.TestPlatform.CommandLine.Internal.ConsoleLogger., took 0 ms.
TpTrace Verbose: 0 : 16820, 4, 2025/08/31, 14:53:08.539, 11264268409495, vstest.console.dll, MulticastDelegateUtilities.SafeInvoke: InternalTestLoggerEvents.SendTestResult: Invoking callback 1/1 for Microsoft.VisualStudio.TestPlatform.CommandLine.Internal.ConsoleLogger., took 0 ms.
TpTrace Verbose: 0 : 16820, 4, 2025/08/31, 14:53:08.539, 11264268409702, vstest.console.dll, MulticastDelegateUtilities.SafeInvoke: InternalTestLoggerEvents.SendTestResult: Invoking callback 1/1 for Microsoft.VisualStudio.TestPlatform.CommandLine.Internal.ConsoleLogger., took 0 ms.
TpTrace Verbose: 0 : 16820, 4, 2025/08/31, 14:53:08.539, 11264268409890, vstest.console.dll, MulticastDelegateUtilities.SafeInvoke: InternalTestLoggerEvents.SendTestResult: Invoking callback 1/1 for Microsoft.VisualStudio.TestPlatform.CommandLine.Internal.ConsoleLogger., took 0 ms.
TpTrace Verbose: 0 : 16820, 4, 2025/08/31, 14:53:08.539, 11264268410118, vstest.console.dll, MulticastDelegateUtilities.SafeInvoke: InternalTestLoggerEvents.SendTestResult: Invoking callback 1/1 for Microsoft.VisualStudio.TestPlatform.CommandLine.Internal.ConsoleLogger., took 0 ms.
TpTrace Verbose: 0 : 16820, 4, 2025/08/31, 14:53:08.539, 11264268410290, vstest.console.dll, MulticastDelegateUtilities.SafeInvoke: InternalTestLoggerEvents.SendTestResult: Invoking callback 1/1 for Microsoft.VisualStudio.TestPlatform.CommandLine.Internal.ConsoleLogger., took 0 ms.
TpTrace Verbose: 0 : 16820, 4, 2025/08/31, 14:53:08.539, 11264268410473, vstest.console.dll, MulticastDelegateUtilities.SafeInvoke: InternalTestLoggerEvents.SendTestResult: Invoking callback 1/1 for Microsoft.VisualStudio.TestPlatform.CommandLine.Internal.ConsoleLogger., took 0 ms.
TpTrace Verbose: 0 : 16820, 4, 2025/08/31, 14:53:08.539, 11264268410676, vstest.console.dll, MulticastDelegateUtilities.SafeInvoke: InternalTestLoggerEvents.SendTestResult: Invoking callback 1/1 for Microsoft.VisualStudio.TestPlatform.CommandLine.Internal.ConsoleLogger., took 0 ms.
TpTrace Verbose: 0 : 16820, 4, 2025/08/31, 14:53:08.539, 11264268410854, vstest.console.dll, MulticastDelegateUtilities.SafeInvoke: InternalTestLoggerEvents.SendTestResult: Invoking callback 1/1 for Microsoft.VisualStudio.TestPlatform.CommandLine.Internal.ConsoleLogger., took 0 ms.
TpTrace Verbose: 0 : 16820, 7, 2025/08/31, 14:53:08.598, 11264268997628, vstest.console.dll, TcpClientExtensions.MessageLoopAsync: NotifyDataAvailable remoteEndPoint: 127.0.0.1:51787 localEndPoint: 127.0.0.1:51786
TpTrace Verbose: 0 : 16820, 7, 2025/08/31, 14:53:08.598, 11264268999121, vstest.console.dll, TestRequestSender.OnExecutionMessageReceived: Received message: {"Version":7,"MessageType":"TestSession.Message","Payload":{"MessageLevel":0,"Message":"[xUnit.net 00:00:01.35]   Finished:    CarsInsuranceApiTests"}}
TpTrace Verbose: 0 : 16820, 7, 2025/08/31, 14:53:08.598, 11264269000378, vstest.console.dll, TestRunRequest:SendTestRunMessage: Starting.
TpTrace Verbose: 0 : 16820, 7, 2025/08/31, 14:53:08.598, 11264269000957, vstest.console.dll, MulticastDelegateUtilities.SafeInvoke: TestRun.LogMessages: Invoking callback 1/1 for Microsoft.VisualStudio.TestPlatform.CommandLine.TestRunResultAggregator., took 0 ms.
TpTrace Information: 0 : 16820, 7, 2025/08/31, 14:53:08.598, 11264269001183, vstest.console.dll, TestRunRequest:SendTestRunMessage: Completed.
TpTrace Verbose: 0 : 16820, 4, 2025/08/31, 14:53:08.598, 11264269001274, vstest.console.dll, MulticastDelegateUtilities.SafeInvoke: InternalTestLoggerEvents.SendTestRunMessage: Invoking callback 1/1 for Microsoft.VisualStudio.TestPlatform.CommandLine.Internal.ConsoleLogger., took 0 ms.
TpTrace Verbose: 0 : 16820, 7, 2025/08/31, 14:53:08.598, 11264269001365, vstest.console.dll, MulticastDelegateUtilities.SafeInvoke: LengthPrefixCommunicationChannel: MessageReceived: Invoking callback 1/1 for Microsoft.VisualStudio.TestPlatform.CommunicationUtilities.TestRequestSender+<>c__DisplayClass34_0., took 0 ms.
TpTrace Verbose: 0 : 16820, 7, 2025/08/31, 14:53:08.598, 11264269002170, vstest.console.dll, TcpClientExtensions.MessageLoopAsync: Polling on remoteEndPoint: 127.0.0.1:51787 localEndPoint: 127.0.0.1:51786 after 59 ms
TpTrace Verbose: 0 : 16820, 7, 2025/08/31, 14:53:08.613, 11264269149480, vstest.console.dll, TcpClientExtensions.MessageLoopAsync: NotifyDataAvailable remoteEndPoint: 127.0.0.1:51787 localEndPoint: 127.0.0.1:51786
TpTrace Verbose: 0 : 16820, 7, 2025/08/31, 14:53:08.613, 11264269152620, vstest.console.dll, TestRequestSender.OnExecutionMessageReceived: Received message: {"Version":7,"MessageType":"TestExecution.Completed","Payload":{"TestRunCompleteArgs":{"TestRunStatistics":{"ExecutedTests":23,"Stats":{"Passed":23}},"IsCanceled":false,"IsAborted":false,"Error":null,"AttachmentSets":[],"InvokedDataCollectors":[],"ElapsedTimeInRunningTests":"00:00:01.3655974","Metrics":{},"DiscoveredExtensions":{"TestDiscoverers":["Xunit.Runner.VisualStudio.VsTestRunner, xunit.runner.visualstudio.dotnetcore.testadapter, Version=2.5.0.0, Culture=neutral, PublicKeyToken=null"],"TestExecutors":["executor://xunit/VsTestRunner2/netcoreapp"],"TestExecutors2":[],"TestSettingsProviders":[]}},"LastRunTests":{"NewTestResults":[{"TestCase":{"Id":"b69da886-e033-9776-6303-325cd5670a27","FullyQualifiedName":"CarInsurance.Api.CarInsurance.Api.Tests.CarServiceTests.ListCarsAsync_Should_ReturnOwnerFields_ForEachCar","DisplayName":"CarInsurance.Api.CarInsurance.Api.Tests.CarServiceTests.ListCarsAsync_Should_ReturnOwnerFields_ForEachCar","ExecutorUri":"executor://xunit/VsTestRunner2/netcoreapp","Source":"Z:\\Endava\\CarInsurance.Api 1\\CarsInsuranceApiTests\\bin\\Debug\\net8.0\\fine-code-coverage\\build-output\\CarsInsuranceApiTests.dll","CodeFilePath":null,"LineNumber":0,"Properties":[]},"Attachments":[],"Outcome":1,"ErrorMessage":null,"ErrorStackTrace":null,"DisplayName":"CarInsurance.Api.CarInsurance.Api.Tests.CarServiceTests.ListCarsAsync_Should_ReturnOwnerFields_ForEachCar","Messages":[],"ComputerName":"DESKTOP-J4EKKM8","Duration":"00:00:00.0221841","StartTime":"2025-08-31T12:53:08.557031+00:00","EndTime":"2025-08-31T12:53:08.5570311+00:00","Properties":[]},{"TestCase":{"Id":"b1bdb38f-ecaa-3d93-6266-35c633719322","FullyQualifiedName":"CarInsurance.Api.CarInsurance.Api.Tests.CarServiceTests.IsInsuranceValidAsync_Should_Throw_WhenCarNotFound","DisplayName":"CarInsurance.Api.CarInsurance.Api.Tests.CarServiceTests.IsInsuranceValidAsync_Should_Throw_WhenCarNotFound","ExecutorUri":"executor://xunit/VsTestRunner2/netcoreapp","Source":"Z:\\Endava\\CarInsurance.Api 1\\CarsInsuranceApiTests\\bin\\Debug\\net8.0\\fine-code-coverage\\build-output\\CarsInsuranceApiTests.dll","CodeFilePath":null,"LineNumber":0,"Properties":[]},"Attachments":[],"Outcome":1,"ErrorMessage":null,"ErrorStackTrace":null,"DisplayName":"CarInsurance.Api.CarInsurance.Api.Tests.CarServiceTests.IsInsuranceValidAsync_Should_Throw_WhenCarNotFound","Messages":[],"ComputerName":"DESKTOP-J4EKKM8","Duration":"00:00:00.0071396","StartTime":"2025-08-31T12:53:08.5642981+00:00","EndTime":"2025-08-31T12:53:08.5642983+00:00","Properties":[]},{"TestCase":{"Id":"651b484c-393e-1a6c-6781-1543973b7ebf","FullyQualifiedName":"CarInsurance.Api.CarInsurance.Api.Tests.CarServiceTests.CreateClaimAsync_Should_Throw_WhenCarNotFound","DisplayName":"CarInsurance.Api.CarInsurance.Api.Tests.CarServiceTests.CreateClaimAsync_Should_Throw_WhenCarNotFound","ExecutorUri":"executor://xunit/VsTestRunner2/netcoreapp","Source":"Z:\\Endava\\CarInsurance.Api 1\\CarsInsuranceApiTests\\bin\\Debug\\net8.0\\fine-code-coverage\\build-output\\CarsInsuranceApiTests.dll","CodeFilePath":null,"LineNumber":0,"Properties":[]},"Attachments":[],"Outcome":1,"ErrorMessage":null,"ErrorStackTrace":null,"DisplayName":"CarInsurance.Api.CarInsurance.Api.Tests.CarServiceTests.CreateClaimAsync_Should_Throw_WhenCarNotFound","Messages":[],"ComputerName":"DESKTOP-J4EKKM8","Duration":"00:00:00.0071501","StartTime":"2025-08-31T12:53:08.5715367+00:00","EndTime":"2025-08-31T12:53:08.5715369+00:00","Properties":[]},{"TestCase":{"Id":"3da37ebc-487f-fbe1-7ab5-67ffceeaf156","FullyQualifiedName":"CarInsurance.Api.CarInsurance.Api.Tests.CarServiceTests.CreateCar_Should_Throw_WhenOwnerMissing","DisplayName":"CarInsurance.Api.CarInsurance.Api.Tests.CarServiceTests.CreateCar_Should_Throw_WhenOwnerMissing","ExecutorUri":"executor://xunit/VsTestRunner2/netcoreapp","Source":"Z:\\Endava\\CarInsurance.Api 1\\CarsInsuranceApiTests\\bin\\Debug\\net8.0\\fine-code-coverage\\build-output\\CarsInsuranceApiTests.dll","CodeFilePath":null,"LineNumber":0,"Properties":[]},"Attachments":[],"Outcome":1,"ErrorMessage":null,"ErrorStackTrace":null,"DisplayName":"CarInsurance.Api.CarInsurance.Api.Tests.CarServiceTests.CreateCar_Should_Throw_WhenOwnerMissing","Messages":[],"ComputerName":"DESKTOP-J4EKKM8","Duration":"00:00:00.0083887","StartTime":"2025-08-31T12:53:08.5799871+00:00","EndTime":"2025-08-31T12:53:08.5799874+00:00","Properties":[]},{"TestCase":{"Id":"89d6ab4a-7bab-c79f-083e-4dec74610037","FullyQualifiedName":"CarInsurance.Api.CarInsurance.Api.Tests.CarServiceTests.CreateCar_Should_Throw_WhenVinDuplicate","DisplayName":"CarInsurance.Api.CarInsurance.Api.Tests.CarServiceTests.CreateCar_Should_Throw_WhenVinDuplicate","ExecutorUri":"executor://xunit/VsTestRunner2/netcoreapp","Source":"Z:\\Endava\\CarInsurance.Api 1\\CarsInsuranceApiTests\\bin\\Debug\\net8.0\\fine-code-coverage\\build-output\\CarsInsuranceApiTests.dll","CodeFilePath":null,"LineNumber":0,"Properties":[]},"Attachments":[],"Outcome":1,"ErrorMessage":null,"ErrorStackTrace":null,"DisplayName":"CarInsurance.Api.CarInsurance.Api.Tests.CarServiceTests.CreateCar_Should_Throw_WhenVinDuplicate","Messages":[],"ComputerName":"DESKTOP-J4EKKM8","Duration":"00:00:00.0055737","StartTime":"2025-08-31T12:53:08.5858566+00:00","EndTime":"2025-08-31T12:53:08.5858571+00:00","Properties":[]},{"TestCase":{"Id":"fe25f8b1-cfda-8ba8-2698-6a6258f12877","FullyQualifiedName":"CarInsurance.Api.CarInsurance.Api.Tests.CarServiceTests.CreateCar_Should_Persist_AndReturnId_WhenPayloadIsValid","DisplayName":"CarInsurance.Api.CarInsurance.Api.Tests.CarServiceTests.CreateCar_Should_Persist_AndReturnId_WhenPayloadIsValid","ExecutorUri":"executor://xunit/VsTestRunner2/netcoreapp","Source":"Z:\\Endava\\CarInsurance.Api 1\\CarsInsuranceApiTests\\bin\\Debug\\net8.0\\fine-code-coverage\\build-output\\CarsInsuranceApiTests.dll","CodeFilePath":null,"LineNumber":0,"Properties":[]},"Attachments":[],"Outcome":1,"ErrorMessage":null,"ErrorStackTrace":null,"DisplayName":"CarInsurance.Api.CarInsurance.Api.Tests.CarServiceTests.CreateCar_Should_Persist_AndReturnId_WhenPayloadIsValid","Messages":[],"ComputerName":"DESKTOP-J4EKKM8","Duration":"00:00:00.0098817","StartTime":"2025-08-31T12:53:08.5957986+00:00","EndTime":"2025-08-31T12:53:08.5957988+00:00","Properties":[]}],"TestRunStatistics":{"ExecutedTests":23,"Stats":{"Passed":23}},"ActiveTests":[]},"RunAttachments":[],"ExecutorUris":["executor://xunit/VsTestRunner2/netcoreapp"]}}
TpTrace Verbose: 0 : 16820, 7, 2025/08/31, 14:53:08.613, 11264269153923, vstest.console.dll, TestRequestSender.EndSession: Sending end session.
TpTrace Verbose: 0 : 16820, 7, 2025/08/31, 14:53:08.613, 11264269155623, vstest.console.dll, ProxyOperationManager.Close: waiting for test host to exit for 100 ms
TpTrace Verbose: 0 : 16820, 13, 2025/08/31, 14:53:08.655, 11264269572913, vstest.console.dll, TestHostManagerCallbacks.ctor: Experimental forwarding output is disabled.
TpTrace Warning: 0 : 16820, 13, 2025/08/31, 14:53:08.655, 11264269574748, vstest.console.dll, TestHostManagerCallbacks.ErrorReceivedCallback Test host standard error line: 
TpTrace Verbose: 0 : 16820, 13, 2025/08/31, 14:53:08.669, 11264269712630, vstest.console.dll, TestHostProvider.ExitCallBack: Host exited starting callback.
TpTrace Information: 0 : 16820, 13, 2025/08/31, 14:53:08.669, 11264269715225, vstest.console.dll, TestHostManagerCallbacks.ExitCallBack: Testhost processId: 392 exited with exitcode: 0 error: ''
TpTrace Verbose: 0 : 16820, 13, 2025/08/31, 14:53:08.669, 11264269715593, vstest.console.dll, DotnetTestHostManager.OnHostExited: invoking OnHostExited callback
TpTrace Verbose: 0 : 16820, 13, 2025/08/31, 14:53:08.670, 11264269716182, vstest.console.dll, CrossPlatEngine.TestHostManagerHostExited: calling on client process exit callback.
TpTrace Information: 0 : 16820, 13, 2025/08/31, 14:53:08.670, 11264269716622, vstest.console.dll, TestRequestSender.OnClientProcessExit: Test host process exited. Standard error: 
TpTrace Information: 0 : 16820, 13, 2025/08/31, 14:53:08.670, 11264269716905, vstest.console.dll, SocketServer.Stop: Stop server endPoint: 127.0.0.1:51786
TpTrace Information: 0 : 16820, 13, 2025/08/31, 14:53:08.670, 11264269717055, vstest.console.dll, SocketServer.Stop: Cancellation requested. Stopping message loop.
TpTrace Information: 0 : 16820, 7, 2025/08/31, 14:53:08.670, 11264269716982, vstest.console.dll, SocketServer.Stop: Stop server endPoint: 127.0.0.1:51786
TpTrace Information: 0 : 16820, 7, 2025/08/31, 14:53:08.670, 11264269717829, vstest.console.dll, SocketServer.Stop: Cancellation requested. Stopping message loop.
TpTrace Information: 0 : 16820, 7, 2025/08/31, 14:53:08.670, 11264269718133, vstest.console.dll, Closing the connection
TpTrace Verbose: 0 : 16820, 13, 2025/08/31, 14:53:08.670, 11264269718071, vstest.console.dll, MulticastDelegateUtilities.SafeInvoke: HostProviderEvents.OnHostExited: Invoking callback 1/1 for Microsoft.VisualStudio.TestPlatform.CrossPlatEngine.Client.ProxyOperationManager., took 0 ms.
TpTrace Verbose: 0 : 16820, 7, 2025/08/31, 14:53:08.670, 11264269720243, vstest.console.dll, ProxyDataCollectionManager.InvokeDataCollectionServiceAction: Starting.
TpTrace Information: 0 : 16820, 7, 2025/08/31, 14:53:08.670, 11264269720586, vstest.console.dll, ProxyDataCollectionManager.AfterTestRunEnd: Get attachment set and invoked data collectors processId: 6492 port: 51783
TpTrace Verbose: 0 : 16820, 7, 2025/08/31, 14:53:08.670, 11264269720942, vstest.console.dll, DataCollectionRequestSender.SendAfterTestRunStartAndGetResult: Send AfterTestRunEnd message with isCancelled: False
TpTrace Verbose: 0 : 16820, 7, 2025/08/31, 14:53:08.676, 11264269780251, vstest.console.dll, DataCollectionRequestSender.SendAfterTestRunStartAndGetResult: Received message: (DataCollection.AfterTestRunEndResult) -> {"MessageType":"DataCollection.AfterTestRunEndResult","Payload":{"AttachmentSets":[],"InvokedDataCollectors":[{"Uri":"datacollector://Microsoft/TestPlatform/Extensions/Blame/v1","FriendlyName":"Blame","AssemblyQualifiedName":"Microsoft.TestPlatform.Extensions.BlameDataCollector.BlameCollector, Microsoft.TestPlatform.Extensions.BlameDataCollector, Version=15.0.0.0, Culture=neutral, PublicKeyToken=b03f5f7f11d50a3a","FilePath":"C:\\Program Files\\dotnet\\sdk\\8.0.200\\Extensions\\Microsoft.TestPlatform.Extensions.BlameDataCollector.dll","HasAttachmentProcessor":false}],"Metrics":{}}}
TpTrace Information: 0 : 16820, 7, 2025/08/31, 14:53:08.681, 11264269832094, vstest.console.dll, ProxyDataCollectionManager.InvokeDataCollectionServiceAction: Completed.
TpTrace Warning: 0 : 16820, 11, 2025/08/31, 14:53:08.697, 11264269989236, vstest.console.dll, DataCollectionLauncher.ErrorReceivedCallback datacollector standard error line: 
TpTrace Information: 0 : 16820, 11, 2025/08/31, 14:53:08.699, 11264270014010, vstest.console.dll, DataCollectionLauncher.ExitCallBack: Data collector exited with exitcode: 0 error: ''
TpTrace Verbose: 0 : 16820, 7, 2025/08/31, 14:53:08.721, 11264270227069, vstest.console.dll, TestRunRequest:SendTestRunStatsChange: Starting.
TpTrace Verbose: 0 : 16820, 7, 2025/08/31, 14:53:08.721, 11264270229004, vstest.console.dll, MulticastDelegateUtilities.SafeInvoke: TestRun.RunStatsChanged: Invoking callbacks was skipped because there are no subscribers.
TpTrace Information: 0 : 16820, 7, 2025/08/31, 14:53:08.721, 11264270229476, vstest.console.dll, TestRunRequest:SendTestRunStatsChange: Completed.
TpTrace Verbose: 0 : 16820, 4, 2025/08/31, 14:53:08.721, 11264270230332, vstest.console.dll, MulticastDelegateUtilities.SafeInvoke: InternalTestLoggerEvents.SendTestResult: Invoking callback 1/1 for Microsoft.VisualStudio.TestPlatform.CommandLine.Internal.ConsoleLogger., took 0 ms.
TpTrace Verbose: 0 : 16820, 7, 2025/08/31, 14:53:08.721, 11264270233787, vstest.console.dll, ParallelProxyExecutionManager: HandlePartialRunComplete: Total workloads = 1, Total started clients = 1 Total completed clients = 1, Run complete = True, Run canceled: False.
TpTrace Verbose: 0 : 16820, 7, 2025/08/31, 14:53:08.721, 11264270234484, vstest.console.dll, ParallelProxyExecutionManager: HandlePartialRunComplete: All runs completed stopping all managers.
TpTrace Verbose: 0 : 16820, 7, 2025/08/31, 14:53:08.721, 11264270234947, vstest.console.dll, ParallelOperationManager.StopAllManagers: Stopping all managers.
TpTrace Verbose: 0 : 16820, 7, 2025/08/31, 14:53:08.721, 11264270235244, vstest.console.dll, ParallelOperationManager.ClearSlots: Clearing all slots. Slots should accept more work: False
TpTrace Verbose: 0 : 16820, 7, 2025/08/31, 14:53:08.721, 11264270235649, vstest.console.dll, ParallelOperationManager.SetOccupiedSlotCount: Setting slot counts AvailableSlotCount = 3, OccupiedSlotCount = 0.
TpTrace Verbose: 0 : 16820, 7, 2025/08/31, 14:53:08.722, 11264270235995, vstest.console.dll, Occupied slots:

TpTrace Verbose: 0 : 16820, 4, 2025/08/31, 14:53:08.722, 11264270245282, vstest.console.dll, MulticastDelegateUtilities.SafeInvoke: InternalTestLoggerEvents.SendTestResult: Invoking callback 1/1 for Microsoft.VisualStudio.TestPlatform.CommandLine.Internal.ConsoleLogger., took 1 ms.
TpTrace Verbose: 0 : 16820, 4, 2025/08/31, 14:53:08.723, 11264270247158, vstest.console.dll, MulticastDelegateUtilities.SafeInvoke: InternalTestLoggerEvents.SendTestResult: Invoking callback 1/1 for Microsoft.VisualStudio.TestPlatform.CommandLine.Internal.ConsoleLogger., took 0 ms.
TpTrace Verbose: 0 : 16820, 4, 2025/08/31, 14:53:08.723, 11264270247783, vstest.console.dll, MulticastDelegateUtilities.SafeInvoke: InternalTestLoggerEvents.SendTestResult: Invoking callback 1/1 for Microsoft.VisualStudio.TestPlatform.CommandLine.Internal.ConsoleLogger., took 0 ms.
TpTrace Verbose: 0 : 16820, 4, 2025/08/31, 14:53:08.723, 11264270248187, vstest.console.dll, MulticastDelegateUtilities.SafeInvoke: InternalTestLoggerEvents.SendTestResult: Invoking callback 1/1 for Microsoft.VisualStudio.TestPlatform.CommandLine.Internal.ConsoleLogger., took 0 ms.
TpTrace Verbose: 0 : 16820, 4, 2025/08/31, 14:53:08.723, 11264270248624, vstest.console.dll, MulticastDelegateUtilities.SafeInvoke: InternalTestLoggerEvents.SendTestResult: Invoking callback 1/1 for Microsoft.VisualStudio.TestPlatform.CommandLine.Internal.ConsoleLogger., took 0 ms.
TpTrace Verbose: 0 : 16820, 4, 2025/08/31, 14:53:08.733, 11264270349266, vstest.console.dll, MulticastDelegateUtilities.SafeInvoke: InternalTestLoggerEvents.SendTestRunComplete: Invoking callback 1/2 for Microsoft.TestPlatform.Extensions.BlameDataCollector.BlameLogger., took 0 ms.
TpTrace Verbose: 0 : 16820, 4, 2025/08/31, 14:53:08.738, 11264270403246, vstest.console.dll, MulticastDelegateUtilities.SafeInvoke: InternalTestLoggerEvents.SendTestRunComplete: Invoking callback 2/2 for Microsoft.VisualStudio.TestPlatform.CommandLine.Internal.ConsoleLogger., took 5 ms.
TpTrace Verbose: 0 : 16820, 7, 2025/08/31, 14:53:08.739, 11264270410116, vstest.console.dll, TestRunRequest:TestRunComplete: Starting. IsAborted:False IsCanceled:False.
TpTrace Verbose: 0 : 16820, 7, 2025/08/31, 14:53:08.739, 11264270411946, vstest.console.dll, ParallelOperationManager.DoActionOnAllManagers: Calling an action on all managers.
TpTrace Verbose: 0 : 16820, 7, 2025/08/31, 14:53:08.740, 11264270419039, vstest.console.dll, TestLoggerManager.HandleTestRunComplete: Ignoring as the object is disposed.
TpTrace Verbose: 0 : 16820, 7, 2025/08/31, 14:53:08.740, 11264270421159, vstest.console.dll, MulticastDelegateUtilities.SafeInvoke: TestRun.TestRunComplete: Invoking callback 1/2 for Microsoft.VisualStudio.TestPlatform.CommandLine.TestRunResultAggregator., took 0 ms.
TpTrace Verbose: 0 : 16820, 7, 2025/08/31, 14:53:08.740, 11264270422138, vstest.console.dll, MulticastDelegateUtilities.SafeInvoke: TestRun.TestRunComplete: Invoking callback 2/2 for Microsoft.VisualStudio.TestPlatform.CommandLine.Processors.RunTestsArgumentExecutor+TestRunRequestEventsRegistrar., took 0 ms.
TpTrace Information: 0 : 16820, 7, 2025/08/31, 14:53:08.740, 11264270423072, vstest.console.dll, TestRunRequest:TestRunComplete: Completed.
TpTrace Verbose: 0 : 16820, 7, 2025/08/31, 14:53:08.740, 11264270423434, vstest.console.dll, TestRequestSender.SetOperationComplete: Setting operation complete.
TpTrace Verbose: 0 : 16820, 1, 2025/08/31, 14:53:08.740, 11264270423384, vstest.console.dll, TestRunRequest.Dispose: Starting.
TpTrace Information: 0 : 16820, 7, 2025/08/31, 14:53:08.740, 11264270423740, vstest.console.dll, SocketServer.Stop: Stop server endPoint: 127.0.0.1:51786
TpTrace Information: 0 : 16820, 1, 2025/08/31, 14:53:08.740, 11264270424433, vstest.console.dll, TestRunRequest.Dispose: Completed.
TpTrace Information: 0 : 16820, 7, 2025/08/31, 14:53:08.740, 11264270424475, vstest.console.dll, SocketServer.Stop: Cancellation requested. Stopping message loop.
TpTrace Information: 0 : 16820, 1, 2025/08/31, 14:53:08.740, 11264270424778, vstest.console.dll, TestRequestManager.RunTests: run tests completed.
TpTrace Verbose: 0 : 16820, 7, 2025/08/31, 14:53:08.740, 11264270424879, vstest.console.dll, MulticastDelegateUtilities.SafeInvoke: LengthPrefixCommunicationChannel: MessageReceived: Invoking callback 1/1 for Microsoft.VisualStudio.TestPlatform.CommunicationUtilities.TestRequestSender+<>c__DisplayClass34_0., took 127 ms.
TpTrace Information: 0 : 16820, 7, 2025/08/31, 14:53:08.740, 11264270425212, vstest.console.dll, SocketServer.PrivateStop: Stopping server endPoint: 127.0.0.1:51786 error: 
TpTrace Information: 0 : 16820, 1, 2025/08/31, 14:53:08.740, 11264270425346, vstest.console.dll, RunTestsArgumentProcessor:Execute: Test run is completed.
TpTrace Verbose: 0 : 16820, 1, 2025/08/31, 14:53:08.741, 11264270427130, vstest.console.dll, Executor.Execute: Exiting with exit code of 0
TpTrace Verbose: 0 : 16820, 7, 2025/08/31, 14:53:08.741, 11264270429671, vstest.console.dll, LengthPrefixCommunicationChannel.Dispose: Dispose reader and writer.
TpTrace Information: 0 : 16820, 7, 2025/08/31, 14:53:08.741, 11264270430505, vstest.console.dll, SocketServer.Stop: Raise disconnected event endPoint: 127.0.0.1:51786 error: 
TpTrace Verbose: 0 : 16820, 7, 2025/08/31, 14:53:08.741, 11264270431247, vstest.console.dll, TestRequestSender: OnTestRunAbort: Operation is already complete. Skip error message.
TpTrace Verbose: 0 : 16820, 7, 2025/08/31, 14:53:08.741, 11264270431521, vstest.console.dll, MulticastDelegateUtilities.SafeInvoke: SocketServer: ClientDisconnected: Invoking callback 1/1 for Microsoft.VisualStudio.TestPlatform.CommunicationUtilities.TestRequestSender., took 0 ms.
TpTrace Verbose: 0 : 16820, 7, 2025/08/31, 14:53:08.741, 11264270431803, vstest.console.dll, TcpClientExtensions.MessageLoopAsync: exiting MessageLoopAsync remoteEndPoint: 127.0.0.1:51787 localEndPoint: 127.0.0.1:51786
